<?xml version="1.0" encoding="UTF-8"?>
<testsuite name="ru.ac.uniyar.testingcourse.RussianNameValidatorTests" tests="1523" skipped="0" failures="8" errors="0" timestamp="2024-03-10T15:17:33" hostname="WIN-PEUUK6CSUSF" time="1.475">
  <properties/>
  <testcase name="[1] а-а а а" classname="ru.ac.uniyar.testingcourse.RussianNameValidatorTests" time="0.066"/>
  <testcase name="[2] а а-а а" classname="ru.ac.uniyar.testingcourse.RussianNameValidatorTests" time="0.001"/>
  <testcase name="[3] а-а а-а а" classname="ru.ac.uniyar.testingcourse.RussianNameValidatorTests" time="0.001"/>
  <testcase name="[4] а а а" classname="ru.ac.uniyar.testingcourse.RussianNameValidatorTests" time="0.001"/>
  <testcase name="[5] а а" classname="ru.ac.uniyar.testingcourse.RussianNameValidatorTests" time="0.001"/>
  <testcase name="[6] а-а а" classname="ru.ac.uniyar.testingcourse.RussianNameValidatorTests" time="0.001"/>
  <testcase name="[7] а а-а" classname="ru.ac.uniyar.testingcourse.RussianNameValidatorTests" time="0.001"/>
  <testcase name="[8] а-а а-а" classname="ru.ac.uniyar.testingcourse.RussianNameValidatorTests" time="0.001"/>
  <testcase name="[9] б-б б б" classname="ru.ac.uniyar.testingcourse.RussianNameValidatorTests" time="0.001"/>
  <testcase name="[10] б б-б б" classname="ru.ac.uniyar.testingcourse.RussianNameValidatorTests" time="0.002"/>
  <testcase name="[11] б-б б-б б" classname="ru.ac.uniyar.testingcourse.RussianNameValidatorTests" time="0.001"/>
  <testcase name="[12] б б б" classname="ru.ac.uniyar.testingcourse.RussianNameValidatorTests" time="0.001"/>
  <testcase name="[13] б б" classname="ru.ac.uniyar.testingcourse.RussianNameValidatorTests" time="0.001"/>
  <testcase name="[14] б-б б" classname="ru.ac.uniyar.testingcourse.RussianNameValidatorTests" time="0.001"/>
  <testcase name="[15] б б-б" classname="ru.ac.uniyar.testingcourse.RussianNameValidatorTests" time="0.001"/>
  <testcase name="[16] б-б б-б" classname="ru.ac.uniyar.testingcourse.RussianNameValidatorTests" time="0.001"/>
  <testcase name="[17] в-в в в" classname="ru.ac.uniyar.testingcourse.RussianNameValidatorTests" time="0.001"/>
  <testcase name="[18] в в-в в" classname="ru.ac.uniyar.testingcourse.RussianNameValidatorTests" time="0.001"/>
  <testcase name="[19] в-в в-в в" classname="ru.ac.uniyar.testingcourse.RussianNameValidatorTests" time="0.001"/>
  <testcase name="[20] в в в" classname="ru.ac.uniyar.testingcourse.RussianNameValidatorTests" time="0.001"/>
  <testcase name="[21] в в" classname="ru.ac.uniyar.testingcourse.RussianNameValidatorTests" time="0.001"/>
  <testcase name="[22] в-в в" classname="ru.ac.uniyar.testingcourse.RussianNameValidatorTests" time="0.001"/>
  <testcase name="[23] в в-в" classname="ru.ac.uniyar.testingcourse.RussianNameValidatorTests" time="0.001"/>
  <testcase name="[24] в-в в-в" classname="ru.ac.uniyar.testingcourse.RussianNameValidatorTests" time="0.001"/>
  <testcase name="[25] г-г г г" classname="ru.ac.uniyar.testingcourse.RussianNameValidatorTests" time="0.001"/>
  <testcase name="[26] г г-г г" classname="ru.ac.uniyar.testingcourse.RussianNameValidatorTests" time="0.001"/>
  <testcase name="[27] г-г г-г г" classname="ru.ac.uniyar.testingcourse.RussianNameValidatorTests" time="0.001"/>
  <testcase name="[28] г г г" classname="ru.ac.uniyar.testingcourse.RussianNameValidatorTests" time="0.001"/>
  <testcase name="[29] г г" classname="ru.ac.uniyar.testingcourse.RussianNameValidatorTests" time="0.0"/>
  <testcase name="[30] г-г г" classname="ru.ac.uniyar.testingcourse.RussianNameValidatorTests" time="0.001"/>
  <testcase name="[31] г г-г" classname="ru.ac.uniyar.testingcourse.RussianNameValidatorTests" time="0.0"/>
  <testcase name="[32] г-г г-г" classname="ru.ac.uniyar.testingcourse.RussianNameValidatorTests" time="0.001"/>
  <testcase name="[33] д-д д д" classname="ru.ac.uniyar.testingcourse.RussianNameValidatorTests" time="0.001"/>
  <testcase name="[34] д д-д д" classname="ru.ac.uniyar.testingcourse.RussianNameValidatorTests" time="0.001"/>
  <testcase name="[35] д-д д-д д" classname="ru.ac.uniyar.testingcourse.RussianNameValidatorTests" time="0.001"/>
  <testcase name="[36] д д д" classname="ru.ac.uniyar.testingcourse.RussianNameValidatorTests" time="0.0"/>
  <testcase name="[37] д д" classname="ru.ac.uniyar.testingcourse.RussianNameValidatorTests" time="0.001"/>
  <testcase name="[38] д-д д" classname="ru.ac.uniyar.testingcourse.RussianNameValidatorTests" time="0.0"/>
  <testcase name="[39] д д-д" classname="ru.ac.uniyar.testingcourse.RussianNameValidatorTests" time="0.001"/>
  <testcase name="[40] д-д д-д" classname="ru.ac.uniyar.testingcourse.RussianNameValidatorTests" time="0.001"/>
  <testcase name="[41] е-е е е" classname="ru.ac.uniyar.testingcourse.RussianNameValidatorTests" time="0.0"/>
  <testcase name="[42] е е-е е" classname="ru.ac.uniyar.testingcourse.RussianNameValidatorTests" time="0.001"/>
  <testcase name="[43] е-е е-е е" classname="ru.ac.uniyar.testingcourse.RussianNameValidatorTests" time="0.001"/>
  <testcase name="[44] е е е" classname="ru.ac.uniyar.testingcourse.RussianNameValidatorTests" time="0.001"/>
  <testcase name="[45] е е" classname="ru.ac.uniyar.testingcourse.RussianNameValidatorTests" time="0.0"/>
  <testcase name="[46] е-е е" classname="ru.ac.uniyar.testingcourse.RussianNameValidatorTests" time="0.001"/>
  <testcase name="[47] е е-е" classname="ru.ac.uniyar.testingcourse.RussianNameValidatorTests" time="0.001"/>
  <testcase name="[48] е-е е-е" classname="ru.ac.uniyar.testingcourse.RussianNameValidatorTests" time="0.001"/>
  <testcase name="[49] ё-ё ё ё" classname="ru.ac.uniyar.testingcourse.RussianNameValidatorTests" time="0.001"/>
  <testcase name="[50] ё ё-ё ё" classname="ru.ac.uniyar.testingcourse.RussianNameValidatorTests" time="0.001"/>
  <testcase name="[51] ё-ё ё-ё ё" classname="ru.ac.uniyar.testingcourse.RussianNameValidatorTests" time="0.001"/>
  <testcase name="[52] ё ё ё" classname="ru.ac.uniyar.testingcourse.RussianNameValidatorTests" time="0.001"/>
  <testcase name="[53] ё ё" classname="ru.ac.uniyar.testingcourse.RussianNameValidatorTests" time="0.001"/>
  <testcase name="[54] ё-ё ё" classname="ru.ac.uniyar.testingcourse.RussianNameValidatorTests" time="0.0"/>
  <testcase name="[55] ё ё-ё" classname="ru.ac.uniyar.testingcourse.RussianNameValidatorTests" time="0.001"/>
  <testcase name="[56] ё-ё ё-ё" classname="ru.ac.uniyar.testingcourse.RussianNameValidatorTests" time="0.0"/>
  <testcase name="[57] ж-ж ж ж" classname="ru.ac.uniyar.testingcourse.RussianNameValidatorTests" time="0.001"/>
  <testcase name="[58] ж ж-ж ж" classname="ru.ac.uniyar.testingcourse.RussianNameValidatorTests" time="0.0"/>
  <testcase name="[59] ж-ж ж-ж ж" classname="ru.ac.uniyar.testingcourse.RussianNameValidatorTests" time="0.001"/>
  <testcase name="[60] ж ж ж" classname="ru.ac.uniyar.testingcourse.RussianNameValidatorTests" time="0.0"/>
  <testcase name="[61] ж ж" classname="ru.ac.uniyar.testingcourse.RussianNameValidatorTests" time="0.001"/>
  <testcase name="[62] ж-ж ж" classname="ru.ac.uniyar.testingcourse.RussianNameValidatorTests" time="0.001"/>
  <testcase name="[63] ж ж-ж" classname="ru.ac.uniyar.testingcourse.RussianNameValidatorTests" time="0.0"/>
  <testcase name="[64] ж-ж ж-ж" classname="ru.ac.uniyar.testingcourse.RussianNameValidatorTests" time="0.0"/>
  <testcase name="[65] з-з з з" classname="ru.ac.uniyar.testingcourse.RussianNameValidatorTests" time="0.001"/>
  <testcase name="[66] з з-з з" classname="ru.ac.uniyar.testingcourse.RussianNameValidatorTests" time="0.0"/>
  <testcase name="[67] з-з з-з з" classname="ru.ac.uniyar.testingcourse.RussianNameValidatorTests" time="0.001"/>
  <testcase name="[68] з з з" classname="ru.ac.uniyar.testingcourse.RussianNameValidatorTests" time="0.0"/>
  <testcase name="[69] з з" classname="ru.ac.uniyar.testingcourse.RussianNameValidatorTests" time="0.0"/>
  <testcase name="[70] з-з з" classname="ru.ac.uniyar.testingcourse.RussianNameValidatorTests" time="0.001"/>
  <testcase name="[71] з з-з" classname="ru.ac.uniyar.testingcourse.RussianNameValidatorTests" time="0.0"/>
  <testcase name="[72] з-з з-з" classname="ru.ac.uniyar.testingcourse.RussianNameValidatorTests" time="0.001"/>
  <testcase name="[73] и-и и и" classname="ru.ac.uniyar.testingcourse.RussianNameValidatorTests" time="0.0"/>
  <testcase name="[74] и и-и и" classname="ru.ac.uniyar.testingcourse.RussianNameValidatorTests" time="0.001"/>
  <testcase name="[75] и-и и-и и" classname="ru.ac.uniyar.testingcourse.RussianNameValidatorTests" time="0.001"/>
  <testcase name="[76] и и и" classname="ru.ac.uniyar.testingcourse.RussianNameValidatorTests" time="0.0"/>
  <testcase name="[77] и и" classname="ru.ac.uniyar.testingcourse.RussianNameValidatorTests" time="0.001"/>
  <testcase name="[78] и-и и" classname="ru.ac.uniyar.testingcourse.RussianNameValidatorTests" time="0.0"/>
  <testcase name="[79] и и-и" classname="ru.ac.uniyar.testingcourse.RussianNameValidatorTests" time="0.001"/>
  <testcase name="[80] и-и и-и" classname="ru.ac.uniyar.testingcourse.RussianNameValidatorTests" time="0.0"/>
  <testcase name="[81] й-й й й" classname="ru.ac.uniyar.testingcourse.RussianNameValidatorTests" time="0.001"/>
  <testcase name="[82] й й-й й" classname="ru.ac.uniyar.testingcourse.RussianNameValidatorTests" time="0.001"/>
  <testcase name="[83] й-й й-й й" classname="ru.ac.uniyar.testingcourse.RussianNameValidatorTests" time="0.001"/>
  <testcase name="[84] й й й" classname="ru.ac.uniyar.testingcourse.RussianNameValidatorTests" time="0.0"/>
  <testcase name="[85] й й" classname="ru.ac.uniyar.testingcourse.RussianNameValidatorTests" time="0.001"/>
  <testcase name="[86] й-й й" classname="ru.ac.uniyar.testingcourse.RussianNameValidatorTests" time="0.001"/>
  <testcase name="[87] й й-й" classname="ru.ac.uniyar.testingcourse.RussianNameValidatorTests" time="0.0"/>
  <testcase name="[88] й-й й-й" classname="ru.ac.uniyar.testingcourse.RussianNameValidatorTests" time="0.001"/>
  <testcase name="[89] к-к к к" classname="ru.ac.uniyar.testingcourse.RussianNameValidatorTests" time="0.001"/>
  <testcase name="[90] к к-к к" classname="ru.ac.uniyar.testingcourse.RussianNameValidatorTests" time="0.001"/>
  <testcase name="[91] к-к к-к к" classname="ru.ac.uniyar.testingcourse.RussianNameValidatorTests" time="0.0"/>
  <testcase name="[92] к к к" classname="ru.ac.uniyar.testingcourse.RussianNameValidatorTests" time="0.001"/>
  <testcase name="[93] к к" classname="ru.ac.uniyar.testingcourse.RussianNameValidatorTests" time="0.001"/>
  <testcase name="[94] к-к к" classname="ru.ac.uniyar.testingcourse.RussianNameValidatorTests" time="0.001"/>
  <testcase name="[95] к к-к" classname="ru.ac.uniyar.testingcourse.RussianNameValidatorTests" time="0.001"/>
  <testcase name="[96] к-к к-к" classname="ru.ac.uniyar.testingcourse.RussianNameValidatorTests" time="0.0"/>
  <testcase name="[97] л-л л л" classname="ru.ac.uniyar.testingcourse.RussianNameValidatorTests" time="0.0"/>
  <testcase name="[98] л л-л л" classname="ru.ac.uniyar.testingcourse.RussianNameValidatorTests" time="0.001"/>
  <testcase name="[99] л-л л-л л" classname="ru.ac.uniyar.testingcourse.RussianNameValidatorTests" time="0.0"/>
  <testcase name="[100] л л л" classname="ru.ac.uniyar.testingcourse.RussianNameValidatorTests" time="0.001"/>
  <testcase name="[101] л л" classname="ru.ac.uniyar.testingcourse.RussianNameValidatorTests" time="0.0"/>
  <testcase name="[102] л-л л" classname="ru.ac.uniyar.testingcourse.RussianNameValidatorTests" time="0.0"/>
  <testcase name="[103] л л-л" classname="ru.ac.uniyar.testingcourse.RussianNameValidatorTests" time="0.001"/>
  <testcase name="[104] л-л л-л" classname="ru.ac.uniyar.testingcourse.RussianNameValidatorTests" time="0.001"/>
  <testcase name="[105] м-м м м" classname="ru.ac.uniyar.testingcourse.RussianNameValidatorTests" time="0.0"/>
  <testcase name="[106] м м-м м" classname="ru.ac.uniyar.testingcourse.RussianNameValidatorTests" time="0.0"/>
  <testcase name="[107] м-м м-м м" classname="ru.ac.uniyar.testingcourse.RussianNameValidatorTests" time="0.001"/>
  <testcase name="[108] м м м" classname="ru.ac.uniyar.testingcourse.RussianNameValidatorTests" time="0.001"/>
  <testcase name="[109] м м" classname="ru.ac.uniyar.testingcourse.RussianNameValidatorTests" time="0.001"/>
  <testcase name="[110] м-м м" classname="ru.ac.uniyar.testingcourse.RussianNameValidatorTests" time="0.001"/>
  <testcase name="[111] м м-м" classname="ru.ac.uniyar.testingcourse.RussianNameValidatorTests" time="0.001"/>
  <testcase name="[112] м-м м-м" classname="ru.ac.uniyar.testingcourse.RussianNameValidatorTests" time="0.0"/>
  <testcase name="[113] н-н н н" classname="ru.ac.uniyar.testingcourse.RussianNameValidatorTests" time="0.0"/>
  <testcase name="[114] н н-н н" classname="ru.ac.uniyar.testingcourse.RussianNameValidatorTests" time="0.001"/>
  <testcase name="[115] н-н н-н н" classname="ru.ac.uniyar.testingcourse.RussianNameValidatorTests" time="0.001"/>
  <testcase name="[116] н н н" classname="ru.ac.uniyar.testingcourse.RussianNameValidatorTests" time="0.001"/>
  <testcase name="[117] н н" classname="ru.ac.uniyar.testingcourse.RussianNameValidatorTests" time="0.0"/>
  <testcase name="[118] н-н н" classname="ru.ac.uniyar.testingcourse.RussianNameValidatorTests" time="0.001"/>
  <testcase name="[119] н н-н" classname="ru.ac.uniyar.testingcourse.RussianNameValidatorTests" time="0.0"/>
  <testcase name="[120] н-н н-н" classname="ru.ac.uniyar.testingcourse.RussianNameValidatorTests" time="0.0"/>
  <testcase name="[121] о-о о о" classname="ru.ac.uniyar.testingcourse.RussianNameValidatorTests" time="0.001"/>
  <testcase name="[122] о о-о о" classname="ru.ac.uniyar.testingcourse.RussianNameValidatorTests" time="0.0"/>
  <testcase name="[123] о-о о-о о" classname="ru.ac.uniyar.testingcourse.RussianNameValidatorTests" time="0.001"/>
  <testcase name="[124] о о о" classname="ru.ac.uniyar.testingcourse.RussianNameValidatorTests" time="0.001"/>
  <testcase name="[125] о о" classname="ru.ac.uniyar.testingcourse.RussianNameValidatorTests" time="0.0"/>
  <testcase name="[126] о-о о" classname="ru.ac.uniyar.testingcourse.RussianNameValidatorTests" time="0.001"/>
  <testcase name="[127] о о-о" classname="ru.ac.uniyar.testingcourse.RussianNameValidatorTests" time="0.0"/>
  <testcase name="[128] о-о о-о" classname="ru.ac.uniyar.testingcourse.RussianNameValidatorTests" time="0.001"/>
  <testcase name="[129] п-п п п" classname="ru.ac.uniyar.testingcourse.RussianNameValidatorTests" time="0.001"/>
  <testcase name="[130] п п-п п" classname="ru.ac.uniyar.testingcourse.RussianNameValidatorTests" time="0.001"/>
  <testcase name="[131] п-п п-п п" classname="ru.ac.uniyar.testingcourse.RussianNameValidatorTests" time="0.001"/>
  <testcase name="[132] п п п" classname="ru.ac.uniyar.testingcourse.RussianNameValidatorTests" time="0.0"/>
  <testcase name="[133] п п" classname="ru.ac.uniyar.testingcourse.RussianNameValidatorTests" time="0.0"/>
  <testcase name="[134] п-п п" classname="ru.ac.uniyar.testingcourse.RussianNameValidatorTests" time="0.0"/>
  <testcase name="[135] п п-п" classname="ru.ac.uniyar.testingcourse.RussianNameValidatorTests" time="0.001"/>
  <testcase name="[136] п-п п-п" classname="ru.ac.uniyar.testingcourse.RussianNameValidatorTests" time="0.001"/>
  <testcase name="[137] р-р р р" classname="ru.ac.uniyar.testingcourse.RussianNameValidatorTests" time="0.001"/>
  <testcase name="[138] р р-р р" classname="ru.ac.uniyar.testingcourse.RussianNameValidatorTests" time="0.001"/>
  <testcase name="[139] р-р р-р р" classname="ru.ac.uniyar.testingcourse.RussianNameValidatorTests" time="0.0"/>
  <testcase name="[140] р р р" classname="ru.ac.uniyar.testingcourse.RussianNameValidatorTests" time="0.001"/>
  <testcase name="[141] р р" classname="ru.ac.uniyar.testingcourse.RussianNameValidatorTests" time="0.001"/>
  <testcase name="[142] р-р р" classname="ru.ac.uniyar.testingcourse.RussianNameValidatorTests" time="0.0"/>
  <testcase name="[143] р р-р" classname="ru.ac.uniyar.testingcourse.RussianNameValidatorTests" time="0.0"/>
  <testcase name="[144] р-р р-р" classname="ru.ac.uniyar.testingcourse.RussianNameValidatorTests" time="0.0"/>
  <testcase name="[145] с-с с с" classname="ru.ac.uniyar.testingcourse.RussianNameValidatorTests" time="0.001"/>
  <testcase name="[146] с с-с с" classname="ru.ac.uniyar.testingcourse.RussianNameValidatorTests" time="0.001"/>
  <testcase name="[147] с-с с-с с" classname="ru.ac.uniyar.testingcourse.RussianNameValidatorTests" time="0.001"/>
  <testcase name="[148] с с с" classname="ru.ac.uniyar.testingcourse.RussianNameValidatorTests" time="0.001"/>
  <testcase name="[149] с с" classname="ru.ac.uniyar.testingcourse.RussianNameValidatorTests" time="0.001"/>
  <testcase name="[150] с-с с" classname="ru.ac.uniyar.testingcourse.RussianNameValidatorTests" time="0.0"/>
  <testcase name="[151] с с-с" classname="ru.ac.uniyar.testingcourse.RussianNameValidatorTests" time="0.001"/>
  <testcase name="[152] с-с с-с" classname="ru.ac.uniyar.testingcourse.RussianNameValidatorTests" time="0.0"/>
  <testcase name="[153] т-т т т" classname="ru.ac.uniyar.testingcourse.RussianNameValidatorTests" time="0.0"/>
  <testcase name="[154] т т-т т" classname="ru.ac.uniyar.testingcourse.RussianNameValidatorTests" time="0.0"/>
  <testcase name="[155] т-т т-т т" classname="ru.ac.uniyar.testingcourse.RussianNameValidatorTests" time="0.0"/>
  <testcase name="[156] т т т" classname="ru.ac.uniyar.testingcourse.RussianNameValidatorTests" time="0.001"/>
  <testcase name="[157] т т" classname="ru.ac.uniyar.testingcourse.RussianNameValidatorTests" time="0.001"/>
  <testcase name="[158] т-т т" classname="ru.ac.uniyar.testingcourse.RussianNameValidatorTests" time="0.001"/>
  <testcase name="[159] т т-т" classname="ru.ac.uniyar.testingcourse.RussianNameValidatorTests" time="0.001"/>
  <testcase name="[160] т-т т-т" classname="ru.ac.uniyar.testingcourse.RussianNameValidatorTests" time="0.0"/>
  <testcase name="[161] у-у у у" classname="ru.ac.uniyar.testingcourse.RussianNameValidatorTests" time="0.001"/>
  <testcase name="[162] у у-у у" classname="ru.ac.uniyar.testingcourse.RussianNameValidatorTests" time="0.0"/>
  <testcase name="[163] у-у у-у у" classname="ru.ac.uniyar.testingcourse.RussianNameValidatorTests" time="0.001"/>
  <testcase name="[164] у у у" classname="ru.ac.uniyar.testingcourse.RussianNameValidatorTests" time="0.0"/>
  <testcase name="[165] у у" classname="ru.ac.uniyar.testingcourse.RussianNameValidatorTests" time="0.001"/>
  <testcase name="[166] у-у у" classname="ru.ac.uniyar.testingcourse.RussianNameValidatorTests" time="0.0"/>
  <testcase name="[167] у у-у" classname="ru.ac.uniyar.testingcourse.RussianNameValidatorTests" time="0.001"/>
  <testcase name="[168] у-у у-у" classname="ru.ac.uniyar.testingcourse.RussianNameValidatorTests" time="0.0"/>
  <testcase name="[169] ф-ф ф ф" classname="ru.ac.uniyar.testingcourse.RussianNameValidatorTests" time="0.0"/>
  <testcase name="[170] ф ф-ф ф" classname="ru.ac.uniyar.testingcourse.RussianNameValidatorTests" time="0.001"/>
  <testcase name="[171] ф-ф ф-ф ф" classname="ru.ac.uniyar.testingcourse.RussianNameValidatorTests" time="0.001"/>
  <testcase name="[172] ф ф ф" classname="ru.ac.uniyar.testingcourse.RussianNameValidatorTests" time="0.0"/>
  <testcase name="[173] ф ф" classname="ru.ac.uniyar.testingcourse.RussianNameValidatorTests" time="0.0"/>
  <testcase name="[174] ф-ф ф" classname="ru.ac.uniyar.testingcourse.RussianNameValidatorTests" time="0.0"/>
  <testcase name="[175] ф ф-ф" classname="ru.ac.uniyar.testingcourse.RussianNameValidatorTests" time="0.0"/>
  <testcase name="[176] ф-ф ф-ф" classname="ru.ac.uniyar.testingcourse.RussianNameValidatorTests" time="0.0"/>
  <testcase name="[177] х-х х х" classname="ru.ac.uniyar.testingcourse.RussianNameValidatorTests" time="0.001"/>
  <testcase name="[178] х х-х х" classname="ru.ac.uniyar.testingcourse.RussianNameValidatorTests" time="0.0"/>
  <testcase name="[179] х-х х-х х" classname="ru.ac.uniyar.testingcourse.RussianNameValidatorTests" time="0.0"/>
  <testcase name="[180] х х х" classname="ru.ac.uniyar.testingcourse.RussianNameValidatorTests" time="0.001"/>
  <testcase name="[181] х х" classname="ru.ac.uniyar.testingcourse.RussianNameValidatorTests" time="0.0"/>
  <testcase name="[182] х-х х" classname="ru.ac.uniyar.testingcourse.RussianNameValidatorTests" time="0.001"/>
  <testcase name="[183] х х-х" classname="ru.ac.uniyar.testingcourse.RussianNameValidatorTests" time="0.0"/>
  <testcase name="[184] х-х х-х" classname="ru.ac.uniyar.testingcourse.RussianNameValidatorTests" time="0.0"/>
  <testcase name="[185] ц-ц ц ц" classname="ru.ac.uniyar.testingcourse.RussianNameValidatorTests" time="0.001"/>
  <testcase name="[186] ц ц-ц ц" classname="ru.ac.uniyar.testingcourse.RussianNameValidatorTests" time="0.001"/>
  <testcase name="[187] ц-ц ц-ц ц" classname="ru.ac.uniyar.testingcourse.RussianNameValidatorTests" time="0.0"/>
  <testcase name="[188] ц ц ц" classname="ru.ac.uniyar.testingcourse.RussianNameValidatorTests" time="0.0"/>
  <testcase name="[189] ц ц" classname="ru.ac.uniyar.testingcourse.RussianNameValidatorTests" time="0.001"/>
  <testcase name="[190] ц-ц ц" classname="ru.ac.uniyar.testingcourse.RussianNameValidatorTests" time="0.001"/>
  <testcase name="[191] ц ц-ц" classname="ru.ac.uniyar.testingcourse.RussianNameValidatorTests" time="0.001"/>
  <testcase name="[192] ц-ц ц-ц" classname="ru.ac.uniyar.testingcourse.RussianNameValidatorTests" time="0.001"/>
  <testcase name="[193] ч-ч ч ч" classname="ru.ac.uniyar.testingcourse.RussianNameValidatorTests" time="0.0"/>
  <testcase name="[194] ч ч-ч ч" classname="ru.ac.uniyar.testingcourse.RussianNameValidatorTests" time="0.0"/>
  <testcase name="[195] ч-ч ч-ч ч" classname="ru.ac.uniyar.testingcourse.RussianNameValidatorTests" time="0.0"/>
  <testcase name="[196] ч ч ч" classname="ru.ac.uniyar.testingcourse.RussianNameValidatorTests" time="0.001"/>
  <testcase name="[197] ч ч" classname="ru.ac.uniyar.testingcourse.RussianNameValidatorTests" time="0.001"/>
  <testcase name="[198] ч-ч ч" classname="ru.ac.uniyar.testingcourse.RussianNameValidatorTests" time="0.001"/>
  <testcase name="[199] ч ч-ч" classname="ru.ac.uniyar.testingcourse.RussianNameValidatorTests" time="0.001"/>
  <testcase name="[200] ч-ч ч-ч" classname="ru.ac.uniyar.testingcourse.RussianNameValidatorTests" time="0.0"/>
  <testcase name="[201] ш-ш ш ш" classname="ru.ac.uniyar.testingcourse.RussianNameValidatorTests" time="0.0"/>
  <testcase name="[202] ш ш-ш ш" classname="ru.ac.uniyar.testingcourse.RussianNameValidatorTests" time="0.0"/>
  <testcase name="[203] ш-ш ш-ш ш" classname="ru.ac.uniyar.testingcourse.RussianNameValidatorTests" time="0.001"/>
  <testcase name="[204] ш ш ш" classname="ru.ac.uniyar.testingcourse.RussianNameValidatorTests" time="0.001"/>
  <testcase name="[205] ш ш" classname="ru.ac.uniyar.testingcourse.RussianNameValidatorTests" time="0.001"/>
  <testcase name="[206] ш-ш ш" classname="ru.ac.uniyar.testingcourse.RussianNameValidatorTests" time="0.0"/>
  <testcase name="[207] ш ш-ш" classname="ru.ac.uniyar.testingcourse.RussianNameValidatorTests" time="0.0"/>
  <testcase name="[208] ш-ш ш-ш" classname="ru.ac.uniyar.testingcourse.RussianNameValidatorTests" time="0.0"/>
  <testcase name="[209] щ-щ щ щ" classname="ru.ac.uniyar.testingcourse.RussianNameValidatorTests" time="0.0"/>
  <testcase name="[210] щ щ-щ щ" classname="ru.ac.uniyar.testingcourse.RussianNameValidatorTests" time="0.0"/>
  <testcase name="[211] щ-щ щ-щ щ" classname="ru.ac.uniyar.testingcourse.RussianNameValidatorTests" time="0.001"/>
  <testcase name="[212] щ щ щ" classname="ru.ac.uniyar.testingcourse.RussianNameValidatorTests" time="0.001"/>
  <testcase name="[213] щ щ" classname="ru.ac.uniyar.testingcourse.RussianNameValidatorTests" time="0.001"/>
  <testcase name="[214] щ-щ щ" classname="ru.ac.uniyar.testingcourse.RussianNameValidatorTests" time="0.001"/>
  <testcase name="[215] щ щ-щ" classname="ru.ac.uniyar.testingcourse.RussianNameValidatorTests" time="0.0"/>
  <testcase name="[216] щ-щ щ-щ" classname="ru.ac.uniyar.testingcourse.RussianNameValidatorTests" time="0.0"/>
  <testcase name="[217] ъ-ъ ъ ъ" classname="ru.ac.uniyar.testingcourse.RussianNameValidatorTests" time="0.0"/>
  <testcase name="[218] ъ ъ-ъ ъ" classname="ru.ac.uniyar.testingcourse.RussianNameValidatorTests" time="0.0"/>
  <testcase name="[219] ъ-ъ ъ-ъ ъ" classname="ru.ac.uniyar.testingcourse.RussianNameValidatorTests" time="0.0"/>
  <testcase name="[220] ъ ъ ъ" classname="ru.ac.uniyar.testingcourse.RussianNameValidatorTests" time="0.0"/>
  <testcase name="[221] ъ ъ" classname="ru.ac.uniyar.testingcourse.RussianNameValidatorTests" time="0.001"/>
  <testcase name="[222] ъ-ъ ъ" classname="ru.ac.uniyar.testingcourse.RussianNameValidatorTests" time="0.001"/>
  <testcase name="[223] ъ ъ-ъ" classname="ru.ac.uniyar.testingcourse.RussianNameValidatorTests" time="0.001"/>
  <testcase name="[224] ъ-ъ ъ-ъ" classname="ru.ac.uniyar.testingcourse.RussianNameValidatorTests" time="0.0"/>
  <testcase name="[225] ы-ы ы ы" classname="ru.ac.uniyar.testingcourse.RussianNameValidatorTests" time="0.0"/>
  <testcase name="[226] ы ы-ы ы" classname="ru.ac.uniyar.testingcourse.RussianNameValidatorTests" time="0.0"/>
  <testcase name="[227] ы-ы ы-ы ы" classname="ru.ac.uniyar.testingcourse.RussianNameValidatorTests" time="0.0"/>
  <testcase name="[228] ы ы ы" classname="ru.ac.uniyar.testingcourse.RussianNameValidatorTests" time="0.001"/>
  <testcase name="[229] ы ы" classname="ru.ac.uniyar.testingcourse.RussianNameValidatorTests" time="0.0"/>
  <testcase name="[230] ы-ы ы" classname="ru.ac.uniyar.testingcourse.RussianNameValidatorTests" time="0.0"/>
  <testcase name="[231] ы ы-ы" classname="ru.ac.uniyar.testingcourse.RussianNameValidatorTests" time="0.0"/>
  <testcase name="[232] ы-ы ы-ы" classname="ru.ac.uniyar.testingcourse.RussianNameValidatorTests" time="0.001"/>
  <testcase name="[233] ь-ь ь ь" classname="ru.ac.uniyar.testingcourse.RussianNameValidatorTests" time="0.0"/>
  <testcase name="[234] ь ь-ь ь" classname="ru.ac.uniyar.testingcourse.RussianNameValidatorTests" time="0.0"/>
  <testcase name="[235] ь-ь ь-ь ь" classname="ru.ac.uniyar.testingcourse.RussianNameValidatorTests" time="0.0"/>
  <testcase name="[236] ь ь ь" classname="ru.ac.uniyar.testingcourse.RussianNameValidatorTests" time="0.0"/>
  <testcase name="[237] ь ь" classname="ru.ac.uniyar.testingcourse.RussianNameValidatorTests" time="0.0"/>
  <testcase name="[238] ь-ь ь" classname="ru.ac.uniyar.testingcourse.RussianNameValidatorTests" time="0.0"/>
  <testcase name="[239] ь ь-ь" classname="ru.ac.uniyar.testingcourse.RussianNameValidatorTests" time="0.0"/>
  <testcase name="[240] ь-ь ь-ь" classname="ru.ac.uniyar.testingcourse.RussianNameValidatorTests" time="0.001"/>
  <testcase name="[241] э-э э э" classname="ru.ac.uniyar.testingcourse.RussianNameValidatorTests" time="0.001"/>
  <testcase name="[242] э э-э э" classname="ru.ac.uniyar.testingcourse.RussianNameValidatorTests" time="0.001"/>
  <testcase name="[243] э-э э-э э" classname="ru.ac.uniyar.testingcourse.RussianNameValidatorTests" time="0.001"/>
  <testcase name="[244] э э э" classname="ru.ac.uniyar.testingcourse.RussianNameValidatorTests" time="0.001"/>
  <testcase name="[245] э э" classname="ru.ac.uniyar.testingcourse.RussianNameValidatorTests" time="0.0"/>
  <testcase name="[246] э-э э" classname="ru.ac.uniyar.testingcourse.RussianNameValidatorTests" time="0.0"/>
  <testcase name="[247] э э-э" classname="ru.ac.uniyar.testingcourse.RussianNameValidatorTests" time="0.0"/>
  <testcase name="[248] э-э э-э" classname="ru.ac.uniyar.testingcourse.RussianNameValidatorTests" time="0.0"/>
  <testcase name="[249] ю-ю ю ю" classname="ru.ac.uniyar.testingcourse.RussianNameValidatorTests" time="0.0"/>
  <testcase name="[250] ю ю-ю ю" classname="ru.ac.uniyar.testingcourse.RussianNameValidatorTests" time="0.001"/>
  <testcase name="[251] ю-ю ю-ю ю" classname="ru.ac.uniyar.testingcourse.RussianNameValidatorTests" time="0.001"/>
  <testcase name="[252] ю ю ю" classname="ru.ac.uniyar.testingcourse.RussianNameValidatorTests" time="0.0"/>
  <testcase name="[253] ю ю" classname="ru.ac.uniyar.testingcourse.RussianNameValidatorTests" time="0.001"/>
  <testcase name="[254] ю-ю ю" classname="ru.ac.uniyar.testingcourse.RussianNameValidatorTests" time="0.001"/>
  <testcase name="[255] ю ю-ю" classname="ru.ac.uniyar.testingcourse.RussianNameValidatorTests" time="0.001"/>
  <testcase name="[256] ю-ю ю-ю" classname="ru.ac.uniyar.testingcourse.RussianNameValidatorTests" time="0.001"/>
  <testcase name="[257] я-я я я" classname="ru.ac.uniyar.testingcourse.RussianNameValidatorTests" time="0.0"/>
  <testcase name="[258] я я-я я" classname="ru.ac.uniyar.testingcourse.RussianNameValidatorTests" time="0.001"/>
  <testcase name="[259] я-я я-я я" classname="ru.ac.uniyar.testingcourse.RussianNameValidatorTests" time="0.001"/>
  <testcase name="[260] я я я" classname="ru.ac.uniyar.testingcourse.RussianNameValidatorTests" time="0.0"/>
  <testcase name="[261] я я" classname="ru.ac.uniyar.testingcourse.RussianNameValidatorTests" time="0.0"/>
  <testcase name="[262] я-я я" classname="ru.ac.uniyar.testingcourse.RussianNameValidatorTests" time="0.0"/>
  <testcase name="[263] я я-я" classname="ru.ac.uniyar.testingcourse.RussianNameValidatorTests" time="0.0"/>
  <testcase name="[264] я-я я-я" classname="ru.ac.uniyar.testingcourse.RussianNameValidatorTests" time="0.0"/>
  <testcase name="[1] Бб!-Бб Бб" classname="ru.ac.uniyar.testingcourse.RussianNameValidatorTests" time="0.001"/>
  <testcase name="[2] Бб Бб!-Бб" classname="ru.ac.uniyar.testingcourse.RussianNameValidatorTests" time="0.001"/>
  <testcase name="[3] Бб&quot;-Бб Бб" classname="ru.ac.uniyar.testingcourse.RussianNameValidatorTests" time="0.0"/>
  <testcase name="[4] Бб Бб&quot;-Бб" classname="ru.ac.uniyar.testingcourse.RussianNameValidatorTests" time="0.0"/>
  <testcase name="[5] Бб#-Бб Бб" classname="ru.ac.uniyar.testingcourse.RussianNameValidatorTests" time="0.001"/>
  <testcase name="[6] Бб Бб#-Бб" classname="ru.ac.uniyar.testingcourse.RussianNameValidatorTests" time="0.0"/>
  <testcase name="[7] Бб$-Бб Бб" classname="ru.ac.uniyar.testingcourse.RussianNameValidatorTests" time="0.0"/>
  <testcase name="[8] Бб Бб$-Бб" classname="ru.ac.uniyar.testingcourse.RussianNameValidatorTests" time="0.001"/>
  <testcase name="[9] Бб%-Бб Бб" classname="ru.ac.uniyar.testingcourse.RussianNameValidatorTests" time="0.0"/>
  <testcase name="[10] Бб Бб%-Бб" classname="ru.ac.uniyar.testingcourse.RussianNameValidatorTests" time="0.0"/>
  <testcase name="[11] Бб&amp;-Бб Бб" classname="ru.ac.uniyar.testingcourse.RussianNameValidatorTests" time="0.0"/>
  <testcase name="[12] Бб Бб&amp;-Бб" classname="ru.ac.uniyar.testingcourse.RussianNameValidatorTests" time="0.001"/>
  <testcase name="[13] Бб'-Бб Бб" classname="ru.ac.uniyar.testingcourse.RussianNameValidatorTests" time="0.001"/>
  <testcase name="[14] Бб Бб'-Бб" classname="ru.ac.uniyar.testingcourse.RussianNameValidatorTests" time="0.001"/>
  <testcase name="[15] Бб(-Бб Бб" classname="ru.ac.uniyar.testingcourse.RussianNameValidatorTests" time="0.001"/>
  <testcase name="[16] Бб Бб(-Бб" classname="ru.ac.uniyar.testingcourse.RussianNameValidatorTests" time="0.0"/>
  <testcase name="[17] Бб)-Бб Бб" classname="ru.ac.uniyar.testingcourse.RussianNameValidatorTests" time="0.0"/>
  <testcase name="[18] Бб Бб)-Бб" classname="ru.ac.uniyar.testingcourse.RussianNameValidatorTests" time="0.001"/>
  <testcase name="[19] Бб*-Бб Бб" classname="ru.ac.uniyar.testingcourse.RussianNameValidatorTests" time="0.001"/>
  <testcase name="[20] Бб Бб*-Бб" classname="ru.ac.uniyar.testingcourse.RussianNameValidatorTests" time="0.001"/>
  <testcase name="[21] Бб+-Бб Бб" classname="ru.ac.uniyar.testingcourse.RussianNameValidatorTests" time="0.001"/>
  <testcase name="[22] Бб Бб+-Бб" classname="ru.ac.uniyar.testingcourse.RussianNameValidatorTests" time="0.0"/>
  <testcase name="[23] Бб,-Бб Бб" classname="ru.ac.uniyar.testingcourse.RussianNameValidatorTests" time="0.0"/>
  <testcase name="[24] Бб Бб,-Бб" classname="ru.ac.uniyar.testingcourse.RussianNameValidatorTests" time="0.001"/>
  <testcase name="[25] Бб.-Бб Бб" classname="ru.ac.uniyar.testingcourse.RussianNameValidatorTests" time="0.001"/>
  <testcase name="[26] Бб Бб.-Бб" classname="ru.ac.uniyar.testingcourse.RussianNameValidatorTests" time="0.001"/>
  <testcase name="[27] Бб/-Бб Бб" classname="ru.ac.uniyar.testingcourse.RussianNameValidatorTests" time="0.001"/>
  <testcase name="[28] Бб Бб/-Бб" classname="ru.ac.uniyar.testingcourse.RussianNameValidatorTests" time="0.0"/>
  <testcase name="[29] Бб:-Бб Бб" classname="ru.ac.uniyar.testingcourse.RussianNameValidatorTests" time="0.001"/>
  <testcase name="[30] Бб Бб:-Бб" classname="ru.ac.uniyar.testingcourse.RussianNameValidatorTests" time="0.0"/>
  <testcase name="[31] Бб;-Бб Бб" classname="ru.ac.uniyar.testingcourse.RussianNameValidatorTests" time="0.0"/>
  <testcase name="[32] Бб Бб;-Бб" classname="ru.ac.uniyar.testingcourse.RussianNameValidatorTests" time="0.0"/>
  <testcase name="[33] Бб&lt;-Бб Бб" classname="ru.ac.uniyar.testingcourse.RussianNameValidatorTests" time="0.001"/>
  <testcase name="[34] Бб Бб&lt;-Бб" classname="ru.ac.uniyar.testingcourse.RussianNameValidatorTests" time="0.001"/>
  <testcase name="[35] Бб=-Бб Бб" classname="ru.ac.uniyar.testingcourse.RussianNameValidatorTests" time="0.0"/>
  <testcase name="[36] Бб Бб=-Бб" classname="ru.ac.uniyar.testingcourse.RussianNameValidatorTests" time="0.0"/>
  <testcase name="[37] Бб&gt;-Бб Бб" classname="ru.ac.uniyar.testingcourse.RussianNameValidatorTests" time="0.0"/>
  <testcase name="[38] Бб Бб&gt;-Бб" classname="ru.ac.uniyar.testingcourse.RussianNameValidatorTests" time="0.0"/>
  <testcase name="[39] Бб?-Бб Бб" classname="ru.ac.uniyar.testingcourse.RussianNameValidatorTests" time="0.0"/>
  <testcase name="[40] Бб Бб?-Бб" classname="ru.ac.uniyar.testingcourse.RussianNameValidatorTests" time="0.0"/>
  <testcase name="[41] Бб@-Бб Бб" classname="ru.ac.uniyar.testingcourse.RussianNameValidatorTests" time="0.001"/>
  <testcase name="[42] Бб Бб@-Бб" classname="ru.ac.uniyar.testingcourse.RussianNameValidatorTests" time="0.0"/>
  <testcase name="[43] Бб[-Бб Бб" classname="ru.ac.uniyar.testingcourse.RussianNameValidatorTests" time="0.0"/>
  <testcase name="[44] Бб Бб[-Бб" classname="ru.ac.uniyar.testingcourse.RussianNameValidatorTests" time="0.0"/>
  <testcase name="[45] Бб\-Бб Бб" classname="ru.ac.uniyar.testingcourse.RussianNameValidatorTests" time="0.0"/>
  <testcase name="[46] Бб Бб\-Бб" classname="ru.ac.uniyar.testingcourse.RussianNameValidatorTests" time="0.001"/>
  <testcase name="[47] Бб]-Бб Бб" classname="ru.ac.uniyar.testingcourse.RussianNameValidatorTests" time="0.001"/>
  <testcase name="[48] Бб Бб]-Бб" classname="ru.ac.uniyar.testingcourse.RussianNameValidatorTests" time="0.001"/>
  <testcase name="[49] Бб^-Бб Бб" classname="ru.ac.uniyar.testingcourse.RussianNameValidatorTests" time="0.001"/>
  <testcase name="[50] Бб Бб^-Бб" classname="ru.ac.uniyar.testingcourse.RussianNameValidatorTests" time="0.001"/>
  <testcase name="[51] Бб_-Бб Бб" classname="ru.ac.uniyar.testingcourse.RussianNameValidatorTests" time="0.0"/>
  <testcase name="[52] Бб Бб_-Бб" classname="ru.ac.uniyar.testingcourse.RussianNameValidatorTests" time="0.0"/>
  <testcase name="[53] Бб`-Бб Бб" classname="ru.ac.uniyar.testingcourse.RussianNameValidatorTests" time="0.0"/>
  <testcase name="[54] Бб Бб`-Бб" classname="ru.ac.uniyar.testingcourse.RussianNameValidatorTests" time="0.001"/>
  <testcase name="[55] Бб{-Бб Бб" classname="ru.ac.uniyar.testingcourse.RussianNameValidatorTests" time="0.001"/>
  <testcase name="[56] Бб Бб{-Бб" classname="ru.ac.uniyar.testingcourse.RussianNameValidatorTests" time="0.0"/>
  <testcase name="[57] Бб|-Бб Бб" classname="ru.ac.uniyar.testingcourse.RussianNameValidatorTests" time="0.0"/>
  <testcase name="[58] Бб Бб|-Бб" classname="ru.ac.uniyar.testingcourse.RussianNameValidatorTests" time="0.0"/>
  <testcase name="[59] Бб}-Бб Бб" classname="ru.ac.uniyar.testingcourse.RussianNameValidatorTests" time="0.001"/>
  <testcase name="[60] Бб Бб}-Бб" classname="ru.ac.uniyar.testingcourse.RussianNameValidatorTests" time="0.0"/>
  <testcase name="[61] Бб~-Бб Бб" classname="ru.ac.uniyar.testingcourse.RussianNameValidatorTests" time="0.0"/>
  <testcase name="[62] Бб Бб~-Бб" classname="ru.ac.uniyar.testingcourse.RussianNameValidatorTests" time="0.001"/>
  <testcase name="[1] ААа ААа ААа" classname="ru.ac.uniyar.testingcourse.RussianNameValidatorTests" time="0.001"/>
  <testcase name="[2] ББб ББб ББб" classname="ru.ac.uniyar.testingcourse.RussianNameValidatorTests" time="0.001"/>
  <testcase name="[3] ВВв ВВв ВВв" classname="ru.ac.uniyar.testingcourse.RussianNameValidatorTests" time="0.0"/>
  <testcase name="[4] ГГг ГГг ГГг" classname="ru.ac.uniyar.testingcourse.RussianNameValidatorTests" time="0.0"/>
  <testcase name="[5] ДДд ДДд ДДд" classname="ru.ac.uniyar.testingcourse.RussianNameValidatorTests" time="0.0"/>
  <testcase name="[6] ЕЕе ЕЕе ЕЕе" classname="ru.ac.uniyar.testingcourse.RussianNameValidatorTests" time="0.001"/>
  <testcase name="[7] ЁЁё ЁЁё ЁЁё" classname="ru.ac.uniyar.testingcourse.RussianNameValidatorTests" time="0.001"/>
  <testcase name="[8] ЖЖж ЖЖж ЖЖж" classname="ru.ac.uniyar.testingcourse.RussianNameValidatorTests" time="0.001"/>
  <testcase name="[9] ЗЗз ЗЗз ЗЗз" classname="ru.ac.uniyar.testingcourse.RussianNameValidatorTests" time="0.0"/>
  <testcase name="[10] ИИи ИИи ИИи" classname="ru.ac.uniyar.testingcourse.RussianNameValidatorTests" time="0.001"/>
  <testcase name="[11] ЙЙй ЙЙй ЙЙй" classname="ru.ac.uniyar.testingcourse.RussianNameValidatorTests" time="0.001"/>
  <testcase name="[12] ККк ККк ККк" classname="ru.ac.uniyar.testingcourse.RussianNameValidatorTests" time="0.001"/>
  <testcase name="[13] ЛЛл ЛЛл ЛЛл" classname="ru.ac.uniyar.testingcourse.RussianNameValidatorTests" time="0.0"/>
  <testcase name="[14] ММм ММм ММм" classname="ru.ac.uniyar.testingcourse.RussianNameValidatorTests" time="0.0"/>
  <testcase name="[15] ННн ННн ННн" classname="ru.ac.uniyar.testingcourse.RussianNameValidatorTests" time="0.0"/>
  <testcase name="[16] ООо ООо ООо" classname="ru.ac.uniyar.testingcourse.RussianNameValidatorTests" time="0.0"/>
  <testcase name="[17] ППп ППп ППп" classname="ru.ac.uniyar.testingcourse.RussianNameValidatorTests" time="0.0"/>
  <testcase name="[18] РРр РРр РРр" classname="ru.ac.uniyar.testingcourse.RussianNameValidatorTests" time="0.0"/>
  <testcase name="[19] ССс ССс ССс" classname="ru.ac.uniyar.testingcourse.RussianNameValidatorTests" time="0.001"/>
  <testcase name="[20] ТТт ТТт ТТт" classname="ru.ac.uniyar.testingcourse.RussianNameValidatorTests" time="0.001"/>
  <testcase name="[21] УУу УУу УУу" classname="ru.ac.uniyar.testingcourse.RussianNameValidatorTests" time="0.001"/>
  <testcase name="[22] ФФф ФФф ФФф" classname="ru.ac.uniyar.testingcourse.RussianNameValidatorTests" time="0.0"/>
  <testcase name="[23] ХХх ХХх ХХх" classname="ru.ac.uniyar.testingcourse.RussianNameValidatorTests" time="0.0"/>
  <testcase name="[24] ЦЦц ЦЦц ЦЦц" classname="ru.ac.uniyar.testingcourse.RussianNameValidatorTests" time="0.0"/>
  <testcase name="[25] ЧЧч ЧЧч ЧЧч" classname="ru.ac.uniyar.testingcourse.RussianNameValidatorTests" time="0.0"/>
  <testcase name="[26] ШШш ШШш ШШш" classname="ru.ac.uniyar.testingcourse.RussianNameValidatorTests" time="0.001"/>
  <testcase name="[27] ЩЩщ ЩЩщ ЩЩщ" classname="ru.ac.uniyar.testingcourse.RussianNameValidatorTests" time="0.001"/>
  <testcase name="[28] ЪЪъ ЪЪъ ЪЪъ" classname="ru.ac.uniyar.testingcourse.RussianNameValidatorTests" time="0.0"/>
  <testcase name="[29] ЫЫы ЫЫы ЫЫы" classname="ru.ac.uniyar.testingcourse.RussianNameValidatorTests" time="0.0"/>
  <testcase name="[30] ЬЬь ЬЬь ЬЬь" classname="ru.ac.uniyar.testingcourse.RussianNameValidatorTests" time="0.001"/>
  <testcase name="[31] ЭЭэ ЭЭэ ЭЭэ" classname="ru.ac.uniyar.testingcourse.RussianNameValidatorTests" time="0.001"/>
  <testcase name="[32] ЮЮю ЮЮю ЮЮю" classname="ru.ac.uniyar.testingcourse.RussianNameValidatorTests" time="0.001"/>
  <testcase name="[33] ЯЯя ЯЯя ЯЯя" classname="ru.ac.uniyar.testingcourse.RussianNameValidatorTests" time="0.001"/>
  <testcase name="[1] Аа-Аа Аа Аа" classname="ru.ac.uniyar.testingcourse.RussianNameValidatorTests" time="0.001"/>
  <testcase name="[2] Аа Аа-Аа Аа" classname="ru.ac.uniyar.testingcourse.RussianNameValidatorTests" time="0.001"/>
  <testcase name="[3] Аа-Аа Аа-Аа Аа" classname="ru.ac.uniyar.testingcourse.RussianNameValidatorTests" time="0.001"/>
  <testcase name="[4] Аа Аа Аа" classname="ru.ac.uniyar.testingcourse.RussianNameValidatorTests" time="0.001"/>
  <testcase name="[5] Аа Аа" classname="ru.ac.uniyar.testingcourse.RussianNameValidatorTests" time="0.0"/>
  <testcase name="[6] Аа-Аа Аа" classname="ru.ac.uniyar.testingcourse.RussianNameValidatorTests" time="0.0"/>
  <testcase name="[7] Аа Аа-Аа" classname="ru.ac.uniyar.testingcourse.RussianNameValidatorTests" time="0.0"/>
  <testcase name="[8] Аа-Аа Аа-Аа" classname="ru.ac.uniyar.testingcourse.RussianNameValidatorTests" time="0.001"/>
  <testcase name="[9] Бб-Бб Бб Бб" classname="ru.ac.uniyar.testingcourse.RussianNameValidatorTests" time="0.0"/>
  <testcase name="[10] Бб Бб-Бб Бб" classname="ru.ac.uniyar.testingcourse.RussianNameValidatorTests" time="0.0"/>
  <testcase name="[11] Бб-Бб Бб-Бб Бб" classname="ru.ac.uniyar.testingcourse.RussianNameValidatorTests" time="0.0"/>
  <testcase name="[12] Бб Бб Бб" classname="ru.ac.uniyar.testingcourse.RussianNameValidatorTests" time="0.0"/>
  <testcase name="[13] Бб Бб" classname="ru.ac.uniyar.testingcourse.RussianNameValidatorTests" time="0.0"/>
  <testcase name="[14] Бб-Бб Бб" classname="ru.ac.uniyar.testingcourse.RussianNameValidatorTests" time="0.0"/>
  <testcase name="[15] Бб Бб-Бб" classname="ru.ac.uniyar.testingcourse.RussianNameValidatorTests" time="0.0"/>
  <testcase name="[16] Бб-Бб Бб-Бб" classname="ru.ac.uniyar.testingcourse.RussianNameValidatorTests" time="0.0"/>
  <testcase name="[17] Вв-Вв Вв Вв" classname="ru.ac.uniyar.testingcourse.RussianNameValidatorTests" time="0.0"/>
  <testcase name="[18] Вв Вв-Вв Вв" classname="ru.ac.uniyar.testingcourse.RussianNameValidatorTests" time="0.0"/>
  <testcase name="[19] Вв-Вв Вв-Вв Вв" classname="ru.ac.uniyar.testingcourse.RussianNameValidatorTests" time="0.001"/>
  <testcase name="[20] Вв Вв Вв" classname="ru.ac.uniyar.testingcourse.RussianNameValidatorTests" time="0.0"/>
  <testcase name="[21] Вв Вв" classname="ru.ac.uniyar.testingcourse.RussianNameValidatorTests" time="0.001"/>
  <testcase name="[22] Вв-Вв Вв" classname="ru.ac.uniyar.testingcourse.RussianNameValidatorTests" time="0.001"/>
  <testcase name="[23] Вв Вв-Вв" classname="ru.ac.uniyar.testingcourse.RussianNameValidatorTests" time="0.0"/>
  <testcase name="[24] Вв-Вв Вв-Вв" classname="ru.ac.uniyar.testingcourse.RussianNameValidatorTests" time="0.0"/>
  <testcase name="[25] Гг-Гг Гг Гг" classname="ru.ac.uniyar.testingcourse.RussianNameValidatorTests" time="0.001"/>
  <testcase name="[26] Гг Гг-Гг Гг" classname="ru.ac.uniyar.testingcourse.RussianNameValidatorTests" time="0.001"/>
  <testcase name="[27] Гг-Гг Гг-Гг Гг" classname="ru.ac.uniyar.testingcourse.RussianNameValidatorTests" time="0.001"/>
  <testcase name="[28] Гг Гг Гг" classname="ru.ac.uniyar.testingcourse.RussianNameValidatorTests" time="0.001"/>
  <testcase name="[29] Гг Гг" classname="ru.ac.uniyar.testingcourse.RussianNameValidatorTests" time="0.001"/>
  <testcase name="[30] Гг-Гг Гг" classname="ru.ac.uniyar.testingcourse.RussianNameValidatorTests" time="0.0"/>
  <testcase name="[31] Гг Гг-Гг" classname="ru.ac.uniyar.testingcourse.RussianNameValidatorTests" time="0.0"/>
  <testcase name="[32] Гг-Гг Гг-Гг" classname="ru.ac.uniyar.testingcourse.RussianNameValidatorTests" time="0.0"/>
  <testcase name="[33] Дд-Дд Дд Дд" classname="ru.ac.uniyar.testingcourse.RussianNameValidatorTests" time="0.001"/>
  <testcase name="[34] Дд Дд-Дд Дд" classname="ru.ac.uniyar.testingcourse.RussianNameValidatorTests" time="0.0"/>
  <testcase name="[35] Дд-Дд Дд-Дд Дд" classname="ru.ac.uniyar.testingcourse.RussianNameValidatorTests" time="0.0"/>
  <testcase name="[36] Дд Дд Дд" classname="ru.ac.uniyar.testingcourse.RussianNameValidatorTests" time="0.0"/>
  <testcase name="[37] Дд Дд" classname="ru.ac.uniyar.testingcourse.RussianNameValidatorTests" time="0.0"/>
  <testcase name="[38] Дд-Дд Дд" classname="ru.ac.uniyar.testingcourse.RussianNameValidatorTests" time="0.001"/>
  <testcase name="[39] Дд Дд-Дд" classname="ru.ac.uniyar.testingcourse.RussianNameValidatorTests" time="0.001"/>
  <testcase name="[40] Дд-Дд Дд-Дд" classname="ru.ac.uniyar.testingcourse.RussianNameValidatorTests" time="0.0"/>
  <testcase name="[41] Ее-Ее Ее Ее" classname="ru.ac.uniyar.testingcourse.RussianNameValidatorTests" time="0.0"/>
  <testcase name="[42] Ее Ее-Ее Ее" classname="ru.ac.uniyar.testingcourse.RussianNameValidatorTests" time="0.0"/>
  <testcase name="[43] Ее-Ее Ее-Ее Ее" classname="ru.ac.uniyar.testingcourse.RussianNameValidatorTests" time="0.0"/>
  <testcase name="[44] Ее Ее Ее" classname="ru.ac.uniyar.testingcourse.RussianNameValidatorTests" time="0.0"/>
  <testcase name="[45] Ее Ее" classname="ru.ac.uniyar.testingcourse.RussianNameValidatorTests" time="0.0"/>
  <testcase name="[46] Ее-Ее Ее" classname="ru.ac.uniyar.testingcourse.RussianNameValidatorTests" time="0.001"/>
  <testcase name="[47] Ее Ее-Ее" classname="ru.ac.uniyar.testingcourse.RussianNameValidatorTests" time="0.0"/>
  <testcase name="[48] Ее-Ее Ее-Ее" classname="ru.ac.uniyar.testingcourse.RussianNameValidatorTests" time="0.0"/>
  <testcase name="[49] Ёё-Ёё Ёё Ёё" classname="ru.ac.uniyar.testingcourse.RussianNameValidatorTests" time="0.014">
    <failure message="org.opentest4j.AssertionFailedError: &#13;&#10;Expecting value to be true but was false" type="org.opentest4j.AssertionFailedError">org.opentest4j.AssertionFailedError: 
Expecting value to be true but was false
	at java.base@20.0.2.1/jdk.internal.reflect.DirectConstructorHandleAccessor.newInstance(DirectConstructorHandleAccessor.java:67)
	at java.base@20.0.2.1/java.lang.reflect.Constructor.newInstanceWithCaller(Constructor.java:500)
	at app//ru.ac.uniyar.testingcourse.RussianNameValidatorTests.testVerifiedNames(RussianNameValidatorTests.java:63)
	at java.base@20.0.2.1/jdk.internal.reflect.DirectMethodHandleAccessor.invoke(DirectMethodHandleAccessor.java:104)
	at java.base@20.0.2.1/java.lang.reflect.Method.invoke(Method.java:578)
	at app//org.junit.platform.commons.util.ReflectionUtils.invokeMethod(ReflectionUtils.java:728)
	at app//org.junit.jupiter.engine.execution.MethodInvocation.proceed(MethodInvocation.java:60)
	at app//org.junit.jupiter.engine.execution.InvocationInterceptorChain$ValidatingInvocation.proceed(InvocationInterceptorChain.java:131)
	at app//org.junit.jupiter.engine.extension.TimeoutExtension.intercept(TimeoutExtension.java:156)
	at app//org.junit.jupiter.engine.extension.TimeoutExtension.interceptTestableMethod(TimeoutExtension.java:147)
	at app//org.junit.jupiter.engine.extension.TimeoutExtension.interceptTestTemplateMethod(TimeoutExtension.java:94)
	at app//org.junit.jupiter.engine.execution.InterceptingExecutableInvoker$ReflectiveInterceptorCall.lambda$ofVoidMethod$0(InterceptingExecutableInvoker.java:103)
	at app//org.junit.jupiter.engine.execution.InterceptingExecutableInvoker.lambda$invoke$0(InterceptingExecutableInvoker.java:93)
	at app//org.junit.jupiter.engine.execution.InvocationInterceptorChain$InterceptedInvocation.proceed(InvocationInterceptorChain.java:106)
	at app//org.junit.jupiter.engine.execution.InvocationInterceptorChain.proceed(InvocationInterceptorChain.java:64)
	at app//org.junit.jupiter.engine.execution.InvocationInterceptorChain.chainAndInvoke(InvocationInterceptorChain.java:45)
	at app//org.junit.jupiter.engine.execution.InvocationInterceptorChain.invoke(InvocationInterceptorChain.java:37)
	at app//org.junit.jupiter.engine.execution.InterceptingExecutableInvoker.invoke(InterceptingExecutableInvoker.java:92)
	at app//org.junit.jupiter.engine.execution.InterceptingExecutableInvoker.invoke(InterceptingExecutableInvoker.java:86)
	at app//org.junit.jupiter.engine.descriptor.TestMethodTestDescriptor.lambda$invokeTestMethod$7(TestMethodTestDescriptor.java:218)
	at app//org.junit.platform.engine.support.hierarchical.ThrowableCollector.execute(ThrowableCollector.java:73)
	at app//org.junit.jupiter.engine.descriptor.TestMethodTestDescriptor.invokeTestMethod(TestMethodTestDescriptor.java:214)
	at app//org.junit.jupiter.engine.descriptor.TestMethodTestDescriptor.execute(TestMethodTestDescriptor.java:139)
	at app//org.junit.jupiter.engine.descriptor.TestMethodTestDescriptor.execute(TestMethodTestDescriptor.java:69)
	at app//org.junit.platform.engine.support.hierarchical.NodeTestTask.lambda$executeRecursively$6(NodeTestTask.java:151)
	at app//org.junit.platform.engine.support.hierarchical.ThrowableCollector.execute(ThrowableCollector.java:73)
	at app//org.junit.platform.engine.support.hierarchical.NodeTestTask.lambda$executeRecursively$8(NodeTestTask.java:141)
	at app//org.junit.platform.engine.support.hierarchical.Node.around(Node.java:137)
	at app//org.junit.platform.engine.support.hierarchical.NodeTestTask.lambda$executeRecursively$9(NodeTestTask.java:139)
	at app//org.junit.platform.engine.support.hierarchical.ThrowableCollector.execute(ThrowableCollector.java:73)
	at app//org.junit.platform.engine.support.hierarchical.NodeTestTask.executeRecursively(NodeTestTask.java:138)
	at app//org.junit.platform.engine.support.hierarchical.NodeTestTask.execute(NodeTestTask.java:95)
	at app//org.junit.platform.engine.support.hierarchical.SameThreadHierarchicalTestExecutorService.submit(SameThreadHierarchicalTestExecutorService.java:35)
	at app//org.junit.platform.engine.support.hierarchical.NodeTestTask$DefaultDynamicTestExecutor.execute(NodeTestTask.java:226)
	at app//org.junit.platform.engine.support.hierarchical.NodeTestTask$DefaultDynamicTestExecutor.execute(NodeTestTask.java:204)
	at app//org.junit.jupiter.engine.descriptor.TestTemplateTestDescriptor.execute(TestTemplateTestDescriptor.java:142)
	at app//org.junit.jupiter.engine.descriptor.TestTemplateTestDescriptor.lambda$execute$2(TestTemplateTestDescriptor.java:110)
	at java.base@20.0.2.1/java.util.stream.ForEachOps$ForEachOp$OfRef.accept(ForEachOps.java:183)
	at java.base@20.0.2.1/java.util.stream.ReferencePipeline$3$1.accept(ReferencePipeline.java:197)
	at java.base@20.0.2.1/java.util.stream.ReferencePipeline$2$1.accept(ReferencePipeline.java:179)
	at java.base@20.0.2.1/java.util.stream.ReferencePipeline$3$1.accept(ReferencePipeline.java:197)
	at java.base@20.0.2.1/java.util.stream.ForEachOps$ForEachOp$OfRef.accept(ForEachOps.java:183)
	at java.base@20.0.2.1/java.util.stream.ReferencePipeline$3$1.accept(ReferencePipeline.java:197)
	at java.base@20.0.2.1/java.util.stream.ReferencePipeline$3$1.accept(ReferencePipeline.java:197)
	at java.base@20.0.2.1/java.util.stream.ReferencePipeline$3$1.accept(ReferencePipeline.java:197)
	at java.base@20.0.2.1/java.util.stream.ForEachOps$ForEachOp$OfRef.accept(ForEachOps.java:183)
	at java.base@20.0.2.1/java.util.stream.ReferencePipeline$3$1.accept(ReferencePipeline.java:197)
	at java.base@20.0.2.1/java.util.ArrayList$ArrayListSpliterator.forEachRemaining(ArrayList.java:1625)
	at java.base@20.0.2.1/java.util.stream.ReferencePipeline$Head.forEach(ReferencePipeline.java:762)
	at java.base@20.0.2.1/java.util.stream.ReferencePipeline$7$1.accept(ReferencePipeline.java:276)
	at java.base@20.0.2.1/java.util.stream.ReferencePipeline$3$1.accept(ReferencePipeline.java:197)
	at java.base@20.0.2.1/java.util.stream.ReferencePipeline$3$1.accept(ReferencePipeline.java:197)
	at java.base@20.0.2.1/java.util.stream.ReferencePipeline$3$1.accept(ReferencePipeline.java:197)
	at java.base@20.0.2.1/java.util.Spliterators$ArraySpliterator.forEachRemaining(Spliterators.java:1006)
	at java.base@20.0.2.1/java.util.stream.AbstractPipeline.copyInto(AbstractPipeline.java:509)
	at java.base@20.0.2.1/java.util.stream.AbstractPipeline.wrapAndCopyInto(AbstractPipeline.java:499)
	at java.base@20.0.2.1/java.util.stream.ForEachOps$ForEachOp.evaluateSequential(ForEachOps.java:150)
	at java.base@20.0.2.1/java.util.stream.ForEachOps$ForEachOp$OfRef.evaluateSequential(ForEachOps.java:173)
	at java.base@20.0.2.1/java.util.stream.AbstractPipeline.evaluate(AbstractPipeline.java:234)
	at java.base@20.0.2.1/java.util.stream.ReferencePipeline.forEach(ReferencePipeline.java:596)
	at java.base@20.0.2.1/java.util.stream.ReferencePipeline$7$1.accept(ReferencePipeline.java:276)
	at java.base@20.0.2.1/java.util.stream.ReferencePipeline$3$1.accept(ReferencePipeline.java:197)
	at java.base@20.0.2.1/java.util.stream.ReferencePipeline$3$1.accept(ReferencePipeline.java:197)
	at java.base@20.0.2.1/java.util.stream.ReferencePipeline$3$1.accept(ReferencePipeline.java:197)
	at java.base@20.0.2.1/java.util.ArrayList$ArrayListSpliterator.forEachRemaining(ArrayList.java:1625)
	at java.base@20.0.2.1/java.util.stream.AbstractPipeline.copyInto(AbstractPipeline.java:509)
	at java.base@20.0.2.1/java.util.stream.AbstractPipeline.wrapAndCopyInto(AbstractPipeline.java:499)
	at java.base@20.0.2.1/java.util.stream.ForEachOps$ForEachOp.evaluateSequential(ForEachOps.java:150)
	at java.base@20.0.2.1/java.util.stream.ForEachOps$ForEachOp$OfRef.evaluateSequential(ForEachOps.java:173)
	at java.base@20.0.2.1/java.util.stream.AbstractPipeline.evaluate(AbstractPipeline.java:234)
	at java.base@20.0.2.1/java.util.stream.ReferencePipeline.forEach(ReferencePipeline.java:596)
	at java.base@20.0.2.1/java.util.stream.ReferencePipeline$7$1.accept(ReferencePipeline.java:276)
	at java.base@20.0.2.1/java.util.ArrayList$ArrayListSpliterator.forEachRemaining(ArrayList.java:1625)
	at java.base@20.0.2.1/java.util.stream.AbstractPipeline.copyInto(AbstractPipeline.java:509)
	at java.base@20.0.2.1/java.util.stream.AbstractPipeline.wrapAndCopyInto(AbstractPipeline.java:499)
	at java.base@20.0.2.1/java.util.stream.ForEachOps$ForEachOp.evaluateSequential(ForEachOps.java:150)
	at java.base@20.0.2.1/java.util.stream.ForEachOps$ForEachOp$OfRef.evaluateSequential(ForEachOps.java:173)
	at java.base@20.0.2.1/java.util.stream.AbstractPipeline.evaluate(AbstractPipeline.java:234)
	at java.base@20.0.2.1/java.util.stream.ReferencePipeline.forEach(ReferencePipeline.java:596)
	at app//org.junit.jupiter.engine.descriptor.TestTemplateTestDescriptor.execute(TestTemplateTestDescriptor.java:110)
	at app//org.junit.jupiter.engine.descriptor.TestTemplateTestDescriptor.execute(TestTemplateTestDescriptor.java:44)
	at app//org.junit.platform.engine.support.hierarchical.NodeTestTask.lambda$executeRecursively$6(NodeTestTask.java:151)
	at app//org.junit.platform.engine.support.hierarchical.ThrowableCollector.execute(ThrowableCollector.java:73)
	at app//org.junit.platform.engine.support.hierarchical.NodeTestTask.lambda$executeRecursively$8(NodeTestTask.java:141)
	at app//org.junit.platform.engine.support.hierarchical.Node.around(Node.java:137)
	at app//org.junit.platform.engine.support.hierarchical.NodeTestTask.lambda$executeRecursively$9(NodeTestTask.java:139)
	at app//org.junit.platform.engine.support.hierarchical.ThrowableCollector.execute(ThrowableCollector.java:73)
	at app//org.junit.platform.engine.support.hierarchical.NodeTestTask.executeRecursively(NodeTestTask.java:138)
	at app//org.junit.platform.engine.support.hierarchical.NodeTestTask.execute(NodeTestTask.java:95)
	at java.base@20.0.2.1/java.util.ArrayList.forEach(ArrayList.java:1511)
	at app//org.junit.platform.engine.support.hierarchical.SameThreadHierarchicalTestExecutorService.invokeAll(SameThreadHierarchicalTestExecutorService.java:41)
	at app//org.junit.platform.engine.support.hierarchical.NodeTestTask.lambda$executeRecursively$6(NodeTestTask.java:155)
	at app//org.junit.platform.engine.support.hierarchical.ThrowableCollector.execute(ThrowableCollector.java:73)
	at app//org.junit.platform.engine.support.hierarchical.NodeTestTask.lambda$executeRecursively$8(NodeTestTask.java:141)
	at app//org.junit.platform.engine.support.hierarchical.Node.around(Node.java:137)
	at app//org.junit.platform.engine.support.hierarchical.NodeTestTask.lambda$executeRecursively$9(NodeTestTask.java:139)
	at app//org.junit.platform.engine.support.hierarchical.ThrowableCollector.execute(ThrowableCollector.java:73)
	at app//org.junit.platform.engine.support.hierarchical.NodeTestTask.executeRecursively(NodeTestTask.java:138)
	at app//org.junit.platform.engine.support.hierarchical.NodeTestTask.execute(NodeTestTask.java:95)
	at java.base@20.0.2.1/java.util.ArrayList.forEach(ArrayList.java:1511)
	at app//org.junit.platform.engine.support.hierarchical.SameThreadHierarchicalTestExecutorService.invokeAll(SameThreadHierarchicalTestExecutorService.java:41)
	at app//org.junit.platform.engine.support.hierarchical.NodeTestTask.lambda$executeRecursively$6(NodeTestTask.java:155)
	at app//org.junit.platform.engine.support.hierarchical.ThrowableCollector.execute(ThrowableCollector.java:73)
	at app//org.junit.platform.engine.support.hierarchical.NodeTestTask.lambda$executeRecursively$8(NodeTestTask.java:141)
	at app//org.junit.platform.engine.support.hierarchical.Node.around(Node.java:137)
	at app//org.junit.platform.engine.support.hierarchical.NodeTestTask.lambda$executeRecursively$9(NodeTestTask.java:139)
	at app//org.junit.platform.engine.support.hierarchical.ThrowableCollector.execute(ThrowableCollector.java:73)
	at app//org.junit.platform.engine.support.hierarchical.NodeTestTask.executeRecursively(NodeTestTask.java:138)
	at app//org.junit.platform.engine.support.hierarchical.NodeTestTask.execute(NodeTestTask.java:95)
	at app//org.junit.platform.engine.support.hierarchical.SameThreadHierarchicalTestExecutorService.submit(SameThreadHierarchicalTestExecutorService.java:35)
	at app//org.junit.platform.engine.support.hierarchical.HierarchicalTestExecutor.execute(HierarchicalTestExecutor.java:57)
	at app//org.junit.platform.engine.support.hierarchical.HierarchicalTestEngine.execute(HierarchicalTestEngine.java:54)
	at app//org.junit.platform.launcher.core.EngineExecutionOrchestrator.execute(EngineExecutionOrchestrator.java:107)
	at app//org.junit.platform.launcher.core.EngineExecutionOrchestrator.execute(EngineExecutionOrchestrator.java:88)
	at app//org.junit.platform.launcher.core.EngineExecutionOrchestrator.lambda$execute$0(EngineExecutionOrchestrator.java:54)
	at app//org.junit.platform.launcher.core.EngineExecutionOrchestrator.withInterceptedStreams(EngineExecutionOrchestrator.java:67)
	at app//org.junit.platform.launcher.core.EngineExecutionOrchestrator.execute(EngineExecutionOrchestrator.java:52)
	at app//org.junit.platform.launcher.core.DefaultLauncher.execute(DefaultLauncher.java:114)
	at app//org.junit.platform.launcher.core.DefaultLauncher.execute(DefaultLauncher.java:86)
	at app//org.junit.platform.launcher.core.DefaultLauncherSession$DelegatingLauncher.execute(DefaultLauncherSession.java:86)
	at org.gradle.api.internal.tasks.testing.junitplatform.JUnitPlatformTestClassProcessor$CollectAllTestClassesExecutor.processAllTestClasses(JUnitPlatformTestClassProcessor.java:119)
	at org.gradle.api.internal.tasks.testing.junitplatform.JUnitPlatformTestClassProcessor$CollectAllTestClassesExecutor.access$000(JUnitPlatformTestClassProcessor.java:94)
	at org.gradle.api.internal.tasks.testing.junitplatform.JUnitPlatformTestClassProcessor.stop(JUnitPlatformTestClassProcessor.java:89)
	at org.gradle.api.internal.tasks.testing.SuiteTestClassProcessor.stop(SuiteTestClassProcessor.java:62)
	at java.base@20.0.2.1/jdk.internal.reflect.DirectMethodHandleAccessor.invoke(DirectMethodHandleAccessor.java:104)
	at java.base@20.0.2.1/java.lang.reflect.Method.invoke(Method.java:578)
	at org.gradle.internal.dispatch.ReflectionDispatch.dispatch(ReflectionDispatch.java:36)
	at org.gradle.internal.dispatch.ReflectionDispatch.dispatch(ReflectionDispatch.java:24)
	at org.gradle.internal.dispatch.ContextClassLoaderDispatch.dispatch(ContextClassLoaderDispatch.java:33)
	at org.gradle.internal.dispatch.ProxyDispatchAdapter$DispatchingInvocationHandler.invoke(ProxyDispatchAdapter.java:94)
	at jdk.proxy1/jdk.proxy1.$Proxy2.stop(Unknown Source)
	at org.gradle.api.internal.tasks.testing.worker.TestWorker$3.run(TestWorker.java:193)
	at org.gradle.api.internal.tasks.testing.worker.TestWorker.executeAndMaintainThreadName(TestWorker.java:129)
	at org.gradle.api.internal.tasks.testing.worker.TestWorker.execute(TestWorker.java:100)
	at org.gradle.api.internal.tasks.testing.worker.TestWorker.execute(TestWorker.java:60)
	at org.gradle.process.internal.worker.child.ActionExecutionWorker.execute(ActionExecutionWorker.java:56)
	at org.gradle.process.internal.worker.child.SystemApplicationClassLoaderWorker.call(SystemApplicationClassLoaderWorker.java:113)
	at org.gradle.process.internal.worker.child.SystemApplicationClassLoaderWorker.call(SystemApplicationClassLoaderWorker.java:65)
	at app//worker.org.gradle.process.internal.worker.GradleWorkerMain.run(GradleWorkerMain.java:69)
	at app//worker.org.gradle.process.internal.worker.GradleWorkerMain.main(GradleWorkerMain.java:74)
</failure>
  </testcase>
  <testcase name="[50] Ёё Ёё-Ёё Ёё" classname="ru.ac.uniyar.testingcourse.RussianNameValidatorTests" time="0.001">
    <failure message="org.opentest4j.AssertionFailedError: &#13;&#10;Expecting value to be true but was false" type="org.opentest4j.AssertionFailedError">org.opentest4j.AssertionFailedError: 
Expecting value to be true but was false
	at java.base@20.0.2.1/jdk.internal.reflect.DirectConstructorHandleAccessor.newInstance(DirectConstructorHandleAccessor.java:67)
	at java.base@20.0.2.1/java.lang.reflect.Constructor.newInstanceWithCaller(Constructor.java:500)
	at app//ru.ac.uniyar.testingcourse.RussianNameValidatorTests.testVerifiedNames(RussianNameValidatorTests.java:63)
	at java.base@20.0.2.1/jdk.internal.reflect.DirectMethodHandleAccessor.invoke(DirectMethodHandleAccessor.java:104)
	at java.base@20.0.2.1/java.lang.reflect.Method.invoke(Method.java:578)
	at app//org.junit.platform.commons.util.ReflectionUtils.invokeMethod(ReflectionUtils.java:728)
	at app//org.junit.jupiter.engine.execution.MethodInvocation.proceed(MethodInvocation.java:60)
	at app//org.junit.jupiter.engine.execution.InvocationInterceptorChain$ValidatingInvocation.proceed(InvocationInterceptorChain.java:131)
	at app//org.junit.jupiter.engine.extension.TimeoutExtension.intercept(TimeoutExtension.java:156)
	at app//org.junit.jupiter.engine.extension.TimeoutExtension.interceptTestableMethod(TimeoutExtension.java:147)
	at app//org.junit.jupiter.engine.extension.TimeoutExtension.interceptTestTemplateMethod(TimeoutExtension.java:94)
	at app//org.junit.jupiter.engine.execution.InterceptingExecutableInvoker$ReflectiveInterceptorCall.lambda$ofVoidMethod$0(InterceptingExecutableInvoker.java:103)
	at app//org.junit.jupiter.engine.execution.InterceptingExecutableInvoker.lambda$invoke$0(InterceptingExecutableInvoker.java:93)
	at app//org.junit.jupiter.engine.execution.InvocationInterceptorChain$InterceptedInvocation.proceed(InvocationInterceptorChain.java:106)
	at app//org.junit.jupiter.engine.execution.InvocationInterceptorChain.proceed(InvocationInterceptorChain.java:64)
	at app//org.junit.jupiter.engine.execution.InvocationInterceptorChain.chainAndInvoke(InvocationInterceptorChain.java:45)
	at app//org.junit.jupiter.engine.execution.InvocationInterceptorChain.invoke(InvocationInterceptorChain.java:37)
	at app//org.junit.jupiter.engine.execution.InterceptingExecutableInvoker.invoke(InterceptingExecutableInvoker.java:92)
	at app//org.junit.jupiter.engine.execution.InterceptingExecutableInvoker.invoke(InterceptingExecutableInvoker.java:86)
	at app//org.junit.jupiter.engine.descriptor.TestMethodTestDescriptor.lambda$invokeTestMethod$7(TestMethodTestDescriptor.java:218)
	at app//org.junit.platform.engine.support.hierarchical.ThrowableCollector.execute(ThrowableCollector.java:73)
	at app//org.junit.jupiter.engine.descriptor.TestMethodTestDescriptor.invokeTestMethod(TestMethodTestDescriptor.java:214)
	at app//org.junit.jupiter.engine.descriptor.TestMethodTestDescriptor.execute(TestMethodTestDescriptor.java:139)
	at app//org.junit.jupiter.engine.descriptor.TestMethodTestDescriptor.execute(TestMethodTestDescriptor.java:69)
	at app//org.junit.platform.engine.support.hierarchical.NodeTestTask.lambda$executeRecursively$6(NodeTestTask.java:151)
	at app//org.junit.platform.engine.support.hierarchical.ThrowableCollector.execute(ThrowableCollector.java:73)
	at app//org.junit.platform.engine.support.hierarchical.NodeTestTask.lambda$executeRecursively$8(NodeTestTask.java:141)
	at app//org.junit.platform.engine.support.hierarchical.Node.around(Node.java:137)
	at app//org.junit.platform.engine.support.hierarchical.NodeTestTask.lambda$executeRecursively$9(NodeTestTask.java:139)
	at app//org.junit.platform.engine.support.hierarchical.ThrowableCollector.execute(ThrowableCollector.java:73)
	at app//org.junit.platform.engine.support.hierarchical.NodeTestTask.executeRecursively(NodeTestTask.java:138)
	at app//org.junit.platform.engine.support.hierarchical.NodeTestTask.execute(NodeTestTask.java:95)
	at app//org.junit.platform.engine.support.hierarchical.SameThreadHierarchicalTestExecutorService.submit(SameThreadHierarchicalTestExecutorService.java:35)
	at app//org.junit.platform.engine.support.hierarchical.NodeTestTask$DefaultDynamicTestExecutor.execute(NodeTestTask.java:226)
	at app//org.junit.platform.engine.support.hierarchical.NodeTestTask$DefaultDynamicTestExecutor.execute(NodeTestTask.java:204)
	at app//org.junit.jupiter.engine.descriptor.TestTemplateTestDescriptor.execute(TestTemplateTestDescriptor.java:142)
	at app//org.junit.jupiter.engine.descriptor.TestTemplateTestDescriptor.lambda$execute$2(TestTemplateTestDescriptor.java:110)
	at java.base@20.0.2.1/java.util.stream.ForEachOps$ForEachOp$OfRef.accept(ForEachOps.java:183)
	at java.base@20.0.2.1/java.util.stream.ReferencePipeline$3$1.accept(ReferencePipeline.java:197)
	at java.base@20.0.2.1/java.util.stream.ReferencePipeline$2$1.accept(ReferencePipeline.java:179)
	at java.base@20.0.2.1/java.util.stream.ReferencePipeline$3$1.accept(ReferencePipeline.java:197)
	at java.base@20.0.2.1/java.util.stream.ForEachOps$ForEachOp$OfRef.accept(ForEachOps.java:183)
	at java.base@20.0.2.1/java.util.stream.ReferencePipeline$3$1.accept(ReferencePipeline.java:197)
	at java.base@20.0.2.1/java.util.stream.ReferencePipeline$3$1.accept(ReferencePipeline.java:197)
	at java.base@20.0.2.1/java.util.stream.ReferencePipeline$3$1.accept(ReferencePipeline.java:197)
	at java.base@20.0.2.1/java.util.stream.ForEachOps$ForEachOp$OfRef.accept(ForEachOps.java:183)
	at java.base@20.0.2.1/java.util.stream.ReferencePipeline$3$1.accept(ReferencePipeline.java:197)
	at java.base@20.0.2.1/java.util.ArrayList$ArrayListSpliterator.forEachRemaining(ArrayList.java:1625)
	at java.base@20.0.2.1/java.util.stream.ReferencePipeline$Head.forEach(ReferencePipeline.java:762)
	at java.base@20.0.2.1/java.util.stream.ReferencePipeline$7$1.accept(ReferencePipeline.java:276)
	at java.base@20.0.2.1/java.util.stream.ReferencePipeline$3$1.accept(ReferencePipeline.java:197)
	at java.base@20.0.2.1/java.util.stream.ReferencePipeline$3$1.accept(ReferencePipeline.java:197)
	at java.base@20.0.2.1/java.util.stream.ReferencePipeline$3$1.accept(ReferencePipeline.java:197)
	at java.base@20.0.2.1/java.util.Spliterators$ArraySpliterator.forEachRemaining(Spliterators.java:1006)
	at java.base@20.0.2.1/java.util.stream.AbstractPipeline.copyInto(AbstractPipeline.java:509)
	at java.base@20.0.2.1/java.util.stream.AbstractPipeline.wrapAndCopyInto(AbstractPipeline.java:499)
	at java.base@20.0.2.1/java.util.stream.ForEachOps$ForEachOp.evaluateSequential(ForEachOps.java:150)
	at java.base@20.0.2.1/java.util.stream.ForEachOps$ForEachOp$OfRef.evaluateSequential(ForEachOps.java:173)
	at java.base@20.0.2.1/java.util.stream.AbstractPipeline.evaluate(AbstractPipeline.java:234)
	at java.base@20.0.2.1/java.util.stream.ReferencePipeline.forEach(ReferencePipeline.java:596)
	at java.base@20.0.2.1/java.util.stream.ReferencePipeline$7$1.accept(ReferencePipeline.java:276)
	at java.base@20.0.2.1/java.util.stream.ReferencePipeline$3$1.accept(ReferencePipeline.java:197)
	at java.base@20.0.2.1/java.util.stream.ReferencePipeline$3$1.accept(ReferencePipeline.java:197)
	at java.base@20.0.2.1/java.util.stream.ReferencePipeline$3$1.accept(ReferencePipeline.java:197)
	at java.base@20.0.2.1/java.util.ArrayList$ArrayListSpliterator.forEachRemaining(ArrayList.java:1625)
	at java.base@20.0.2.1/java.util.stream.AbstractPipeline.copyInto(AbstractPipeline.java:509)
	at java.base@20.0.2.1/java.util.stream.AbstractPipeline.wrapAndCopyInto(AbstractPipeline.java:499)
	at java.base@20.0.2.1/java.util.stream.ForEachOps$ForEachOp.evaluateSequential(ForEachOps.java:150)
	at java.base@20.0.2.1/java.util.stream.ForEachOps$ForEachOp$OfRef.evaluateSequential(ForEachOps.java:173)
	at java.base@20.0.2.1/java.util.stream.AbstractPipeline.evaluate(AbstractPipeline.java:234)
	at java.base@20.0.2.1/java.util.stream.ReferencePipeline.forEach(ReferencePipeline.java:596)
	at java.base@20.0.2.1/java.util.stream.ReferencePipeline$7$1.accept(ReferencePipeline.java:276)
	at java.base@20.0.2.1/java.util.ArrayList$ArrayListSpliterator.forEachRemaining(ArrayList.java:1625)
	at java.base@20.0.2.1/java.util.stream.AbstractPipeline.copyInto(AbstractPipeline.java:509)
	at java.base@20.0.2.1/java.util.stream.AbstractPipeline.wrapAndCopyInto(AbstractPipeline.java:499)
	at java.base@20.0.2.1/java.util.stream.ForEachOps$ForEachOp.evaluateSequential(ForEachOps.java:150)
	at java.base@20.0.2.1/java.util.stream.ForEachOps$ForEachOp$OfRef.evaluateSequential(ForEachOps.java:173)
	at java.base@20.0.2.1/java.util.stream.AbstractPipeline.evaluate(AbstractPipeline.java:234)
	at java.base@20.0.2.1/java.util.stream.ReferencePipeline.forEach(ReferencePipeline.java:596)
	at app//org.junit.jupiter.engine.descriptor.TestTemplateTestDescriptor.execute(TestTemplateTestDescriptor.java:110)
	at app//org.junit.jupiter.engine.descriptor.TestTemplateTestDescriptor.execute(TestTemplateTestDescriptor.java:44)
	at app//org.junit.platform.engine.support.hierarchical.NodeTestTask.lambda$executeRecursively$6(NodeTestTask.java:151)
	at app//org.junit.platform.engine.support.hierarchical.ThrowableCollector.execute(ThrowableCollector.java:73)
	at app//org.junit.platform.engine.support.hierarchical.NodeTestTask.lambda$executeRecursively$8(NodeTestTask.java:141)
	at app//org.junit.platform.engine.support.hierarchical.Node.around(Node.java:137)
	at app//org.junit.platform.engine.support.hierarchical.NodeTestTask.lambda$executeRecursively$9(NodeTestTask.java:139)
	at app//org.junit.platform.engine.support.hierarchical.ThrowableCollector.execute(ThrowableCollector.java:73)
	at app//org.junit.platform.engine.support.hierarchical.NodeTestTask.executeRecursively(NodeTestTask.java:138)
	at app//org.junit.platform.engine.support.hierarchical.NodeTestTask.execute(NodeTestTask.java:95)
	at java.base@20.0.2.1/java.util.ArrayList.forEach(ArrayList.java:1511)
	at app//org.junit.platform.engine.support.hierarchical.SameThreadHierarchicalTestExecutorService.invokeAll(SameThreadHierarchicalTestExecutorService.java:41)
	at app//org.junit.platform.engine.support.hierarchical.NodeTestTask.lambda$executeRecursively$6(NodeTestTask.java:155)
	at app//org.junit.platform.engine.support.hierarchical.ThrowableCollector.execute(ThrowableCollector.java:73)
	at app//org.junit.platform.engine.support.hierarchical.NodeTestTask.lambda$executeRecursively$8(NodeTestTask.java:141)
	at app//org.junit.platform.engine.support.hierarchical.Node.around(Node.java:137)
	at app//org.junit.platform.engine.support.hierarchical.NodeTestTask.lambda$executeRecursively$9(NodeTestTask.java:139)
	at app//org.junit.platform.engine.support.hierarchical.ThrowableCollector.execute(ThrowableCollector.java:73)
	at app//org.junit.platform.engine.support.hierarchical.NodeTestTask.executeRecursively(NodeTestTask.java:138)
	at app//org.junit.platform.engine.support.hierarchical.NodeTestTask.execute(NodeTestTask.java:95)
	at java.base@20.0.2.1/java.util.ArrayList.forEach(ArrayList.java:1511)
	at app//org.junit.platform.engine.support.hierarchical.SameThreadHierarchicalTestExecutorService.invokeAll(SameThreadHierarchicalTestExecutorService.java:41)
	at app//org.junit.platform.engine.support.hierarchical.NodeTestTask.lambda$executeRecursively$6(NodeTestTask.java:155)
	at app//org.junit.platform.engine.support.hierarchical.ThrowableCollector.execute(ThrowableCollector.java:73)
	at app//org.junit.platform.engine.support.hierarchical.NodeTestTask.lambda$executeRecursively$8(NodeTestTask.java:141)
	at app//org.junit.platform.engine.support.hierarchical.Node.around(Node.java:137)
	at app//org.junit.platform.engine.support.hierarchical.NodeTestTask.lambda$executeRecursively$9(NodeTestTask.java:139)
	at app//org.junit.platform.engine.support.hierarchical.ThrowableCollector.execute(ThrowableCollector.java:73)
	at app//org.junit.platform.engine.support.hierarchical.NodeTestTask.executeRecursively(NodeTestTask.java:138)
	at app//org.junit.platform.engine.support.hierarchical.NodeTestTask.execute(NodeTestTask.java:95)
	at app//org.junit.platform.engine.support.hierarchical.SameThreadHierarchicalTestExecutorService.submit(SameThreadHierarchicalTestExecutorService.java:35)
	at app//org.junit.platform.engine.support.hierarchical.HierarchicalTestExecutor.execute(HierarchicalTestExecutor.java:57)
	at app//org.junit.platform.engine.support.hierarchical.HierarchicalTestEngine.execute(HierarchicalTestEngine.java:54)
	at app//org.junit.platform.launcher.core.EngineExecutionOrchestrator.execute(EngineExecutionOrchestrator.java:107)
	at app//org.junit.platform.launcher.core.EngineExecutionOrchestrator.execute(EngineExecutionOrchestrator.java:88)
	at app//org.junit.platform.launcher.core.EngineExecutionOrchestrator.lambda$execute$0(EngineExecutionOrchestrator.java:54)
	at app//org.junit.platform.launcher.core.EngineExecutionOrchestrator.withInterceptedStreams(EngineExecutionOrchestrator.java:67)
	at app//org.junit.platform.launcher.core.EngineExecutionOrchestrator.execute(EngineExecutionOrchestrator.java:52)
	at app//org.junit.platform.launcher.core.DefaultLauncher.execute(DefaultLauncher.java:114)
	at app//org.junit.platform.launcher.core.DefaultLauncher.execute(DefaultLauncher.java:86)
	at app//org.junit.platform.launcher.core.DefaultLauncherSession$DelegatingLauncher.execute(DefaultLauncherSession.java:86)
	at org.gradle.api.internal.tasks.testing.junitplatform.JUnitPlatformTestClassProcessor$CollectAllTestClassesExecutor.processAllTestClasses(JUnitPlatformTestClassProcessor.java:119)
	at org.gradle.api.internal.tasks.testing.junitplatform.JUnitPlatformTestClassProcessor$CollectAllTestClassesExecutor.access$000(JUnitPlatformTestClassProcessor.java:94)
	at org.gradle.api.internal.tasks.testing.junitplatform.JUnitPlatformTestClassProcessor.stop(JUnitPlatformTestClassProcessor.java:89)
	at org.gradle.api.internal.tasks.testing.SuiteTestClassProcessor.stop(SuiteTestClassProcessor.java:62)
	at java.base@20.0.2.1/jdk.internal.reflect.DirectMethodHandleAccessor.invoke(DirectMethodHandleAccessor.java:104)
	at java.base@20.0.2.1/java.lang.reflect.Method.invoke(Method.java:578)
	at org.gradle.internal.dispatch.ReflectionDispatch.dispatch(ReflectionDispatch.java:36)
	at org.gradle.internal.dispatch.ReflectionDispatch.dispatch(ReflectionDispatch.java:24)
	at org.gradle.internal.dispatch.ContextClassLoaderDispatch.dispatch(ContextClassLoaderDispatch.java:33)
	at org.gradle.internal.dispatch.ProxyDispatchAdapter$DispatchingInvocationHandler.invoke(ProxyDispatchAdapter.java:94)
	at jdk.proxy1/jdk.proxy1.$Proxy2.stop(Unknown Source)
	at org.gradle.api.internal.tasks.testing.worker.TestWorker$3.run(TestWorker.java:193)
	at org.gradle.api.internal.tasks.testing.worker.TestWorker.executeAndMaintainThreadName(TestWorker.java:129)
	at org.gradle.api.internal.tasks.testing.worker.TestWorker.execute(TestWorker.java:100)
	at org.gradle.api.internal.tasks.testing.worker.TestWorker.execute(TestWorker.java:60)
	at org.gradle.process.internal.worker.child.ActionExecutionWorker.execute(ActionExecutionWorker.java:56)
	at org.gradle.process.internal.worker.child.SystemApplicationClassLoaderWorker.call(SystemApplicationClassLoaderWorker.java:113)
	at org.gradle.process.internal.worker.child.SystemApplicationClassLoaderWorker.call(SystemApplicationClassLoaderWorker.java:65)
	at app//worker.org.gradle.process.internal.worker.GradleWorkerMain.run(GradleWorkerMain.java:69)
	at app//worker.org.gradle.process.internal.worker.GradleWorkerMain.main(GradleWorkerMain.java:74)
</failure>
  </testcase>
  <testcase name="[51] Ёё-Ёё Ёё-Ёё Ёё" classname="ru.ac.uniyar.testingcourse.RussianNameValidatorTests" time="0.002">
    <failure message="org.opentest4j.AssertionFailedError: &#13;&#10;Expecting value to be true but was false" type="org.opentest4j.AssertionFailedError">org.opentest4j.AssertionFailedError: 
Expecting value to be true but was false
	at java.base@20.0.2.1/jdk.internal.reflect.DirectConstructorHandleAccessor.newInstance(DirectConstructorHandleAccessor.java:67)
	at java.base@20.0.2.1/java.lang.reflect.Constructor.newInstanceWithCaller(Constructor.java:500)
	at app//ru.ac.uniyar.testingcourse.RussianNameValidatorTests.testVerifiedNames(RussianNameValidatorTests.java:63)
	at java.base@20.0.2.1/jdk.internal.reflect.DirectMethodHandleAccessor.invoke(DirectMethodHandleAccessor.java:104)
	at java.base@20.0.2.1/java.lang.reflect.Method.invoke(Method.java:578)
	at app//org.junit.platform.commons.util.ReflectionUtils.invokeMethod(ReflectionUtils.java:728)
	at app//org.junit.jupiter.engine.execution.MethodInvocation.proceed(MethodInvocation.java:60)
	at app//org.junit.jupiter.engine.execution.InvocationInterceptorChain$ValidatingInvocation.proceed(InvocationInterceptorChain.java:131)
	at app//org.junit.jupiter.engine.extension.TimeoutExtension.intercept(TimeoutExtension.java:156)
	at app//org.junit.jupiter.engine.extension.TimeoutExtension.interceptTestableMethod(TimeoutExtension.java:147)
	at app//org.junit.jupiter.engine.extension.TimeoutExtension.interceptTestTemplateMethod(TimeoutExtension.java:94)
	at app//org.junit.jupiter.engine.execution.InterceptingExecutableInvoker$ReflectiveInterceptorCall.lambda$ofVoidMethod$0(InterceptingExecutableInvoker.java:103)
	at app//org.junit.jupiter.engine.execution.InterceptingExecutableInvoker.lambda$invoke$0(InterceptingExecutableInvoker.java:93)
	at app//org.junit.jupiter.engine.execution.InvocationInterceptorChain$InterceptedInvocation.proceed(InvocationInterceptorChain.java:106)
	at app//org.junit.jupiter.engine.execution.InvocationInterceptorChain.proceed(InvocationInterceptorChain.java:64)
	at app//org.junit.jupiter.engine.execution.InvocationInterceptorChain.chainAndInvoke(InvocationInterceptorChain.java:45)
	at app//org.junit.jupiter.engine.execution.InvocationInterceptorChain.invoke(InvocationInterceptorChain.java:37)
	at app//org.junit.jupiter.engine.execution.InterceptingExecutableInvoker.invoke(InterceptingExecutableInvoker.java:92)
	at app//org.junit.jupiter.engine.execution.InterceptingExecutableInvoker.invoke(InterceptingExecutableInvoker.java:86)
	at app//org.junit.jupiter.engine.descriptor.TestMethodTestDescriptor.lambda$invokeTestMethod$7(TestMethodTestDescriptor.java:218)
	at app//org.junit.platform.engine.support.hierarchical.ThrowableCollector.execute(ThrowableCollector.java:73)
	at app//org.junit.jupiter.engine.descriptor.TestMethodTestDescriptor.invokeTestMethod(TestMethodTestDescriptor.java:214)
	at app//org.junit.jupiter.engine.descriptor.TestMethodTestDescriptor.execute(TestMethodTestDescriptor.java:139)
[...]
  <testcase name="[656] Ъъ-Ъъ Ъъ-Ъъ Ъъ Ъъ-Ъъ Ъъ-Ъъ Ъъ-Ъъ-Ъъ Ъъ-Ъъ Ъъ-Ъъ-Ъъ Ъъ-Ъъ Ъъ" classname="ru.ac.uniyar.testingcourse.RussianNameValidatorTests" time="0.0"/>
  <testcase name="[657] Ъъ-Ъъ Ъъ-Ъъ Ъъ Ъъ-Ъъ Ъъ-Ъъ Ъъ Ъъ-Ъъ Ъъ-Ъъ Ъъ-Ъъ-Ъъ Ъъ-Ъъ Ъъ" classname="ru.ac.uniyar.testingcourse.RussianNameValidatorTests" time="0.0"/>
  <testcase name="[658] Ъъ Ъъ Ъъ-Ъъ Ъъ Ъъ-Ъъ Ъъ Ъъ Ъъ Ъъ Ъъ" classname="ru.ac.uniyar.testingcourse.RussianNameValidatorTests" time="0.001"/>
  <testcase name="[659] Ъъ Ъъ Ъъ Ъъ Ъъ Ъъ-Ъъ Ъъ Ъъ-Ъъ Ъъ Ъъ" classname="ru.ac.uniyar.testingcourse.RussianNameValidatorTests" time="0.0"/>
  <testcase name="[660] Ъъ Ъъ Ъъ Ъъ Ъъ Ъъ Ъъ Ъъ Ъъ-Ъъ Ъъ Ъъ" classname="ru.ac.uniyar.testingcourse.RussianNameValidatorTests" time="0.0"/>
  <testcase name="[661] Ъъ Ъъ-Ъъ Ъъ-Ъъ Ъъ Ъъ Ъъ" classname="ru.ac.uniyar.testingcourse.RussianNameValidatorTests" time="0.0"/>
  <testcase name="[662] Ъъ Ъъ Ъъ Ъъ-Ъъ Ъъ-Ъъ Ъъ" classname="ru.ac.uniyar.testingcourse.RussianNameValidatorTests" time="0.0"/>
  <testcase name="[663] Ъъ Ъъ Ъъ Ъъ Ъъ Ъъ-Ъъ Ъъ" classname="ru.ac.uniyar.testingcourse.RussianNameValidatorTests" time="0.0"/>
  <testcase name="[664] Ъъ-Ъъ Ъъ-Ъъ-Ъъ Ъъ-Ъъ-Ъъ Ъъ Ъъ-Ъъ Ъъ" classname="ru.ac.uniyar.testingcourse.RussianNameValidatorTests" time="0.0"/>
  <testcase name="[665] Ъъ-Ъъ Ъъ Ъъ-Ъъ Ъъ-Ъъ-Ъъ Ъъ-Ъъ-Ъъ Ъъ" classname="ru.ac.uniyar.testingcourse.RussianNameValidatorTests" time="0.001"/>
  <testcase name="[666] Ъъ-Ъъ Ъъ Ъъ-Ъъ Ъъ Ъъ-Ъъ Ъъ-Ъъ-Ъъ Ъъ" classname="ru.ac.uniyar.testingcourse.RussianNameValidatorTests" time="0.0"/>
  <testcase name="[667] Ъъ Ъъ-Ъъ-Ъъ Ъъ-Ъъ-Ъъ Ъъ-Ъъ Ъъ Ъъ-Ъъ" classname="ru.ac.uniyar.testingcourse.RussianNameValidatorTests" time="0.0"/>
  <testcase name="[668] Ъъ Ъъ-Ъъ Ъъ Ъъ-Ъъ-Ъъ Ъъ-Ъъ-Ъъ Ъъ-Ъъ" classname="ru.ac.uniyar.testingcourse.RussianNameValidatorTests" time="0.0"/>
  <testcase name="[669] Ъъ Ъъ-Ъъ Ъъ Ъъ-Ъъ Ъъ Ъъ-Ъъ-Ъъ Ъъ-Ъъ" classname="ru.ac.uniyar.testingcourse.RussianNameValidatorTests" time="0.001"/>
  <testcase name="[670] Ъъ-Ъъ Ъъ-Ъъ-Ъъ-Ъъ Ъъ-Ъъ-Ъъ-Ъъ Ъъ-Ъъ Ъъ-Ъъ Ъъ-Ъъ" classname="ru.ac.uniyar.testingcourse.RussianNameValidatorTests" time="0.001"/>
  <testcase name="[671] Ъъ-Ъъ Ъъ-Ъъ Ъъ-Ъъ Ъъ-Ъъ-Ъъ-Ъъ Ъъ-Ъъ-Ъъ-Ъъ Ъъ-Ъъ" classname="ru.ac.uniyar.testingcourse.RussianNameValidatorTests" time="0.0"/>
  <testcase name="[672] Ъъ-Ъъ Ъъ-Ъъ Ъъ-Ъъ Ъъ-Ъъ Ъъ-Ъъ Ъъ-Ъъ-Ъъ-Ъъ Ъъ-Ъъ" classname="ru.ac.uniyar.testingcourse.RussianNameValidatorTests" time="0.0"/>
  <testcase name="[673] Ыы-Ыы Ыы Ыы-Ыы-Ыы Ыы Ыы-Ыы-Ыы Ыы Ыы Ыы-Ыы Ыы Ыы" classname="ru.ac.uniyar.testingcourse.RussianNameValidatorTests" time="0.0"/>
  <testcase name="[674] Ыы-Ыы Ыы Ыы Ыы-Ыы Ыы Ыы-Ыы-Ыы Ыы Ыы-Ыы-Ыы Ыы Ыы" classname="ru.ac.uniyar.testingcourse.RussianNameValidatorTests" time="0.0"/>
  <testcase name="[675] Ыы-Ыы Ыы Ыы Ыы-Ыы Ыы Ыы Ыы-Ыы Ыы Ыы-Ыы-Ыы Ыы Ыы" classname="ru.ac.uniyar.testingcourse.RussianNameValidatorTests" time="0.001"/>
  <testcase name="[676] Ыы Ыы-Ыы Ыы-Ыы Ыы-Ыы Ыы-Ыы Ыы-Ыы Ыы Ыы Ыы-Ыы Ыы" classname="ru.ac.uniyar.testingcourse.RussianNameValidatorTests" time="0.0"/>
  <testcase name="[677] Ыы Ыы-Ыы Ыы Ыы Ыы-Ыы Ыы-Ыы Ыы-Ыы Ыы-Ыы Ыы-Ыы Ыы" classname="ru.ac.uniyar.testingcourse.RussianNameValidatorTests" time="0.0"/>
  <testcase name="[678] Ыы Ыы-Ыы Ыы Ыы Ыы-Ыы Ыы Ыы Ыы-Ыы Ыы-Ыы Ыы-Ыы Ыы" classname="ru.ac.uniyar.testingcourse.RussianNameValidatorTests" time="0.0"/>
  <testcase name="[679] Ыы-Ыы Ыы-Ыы Ыы-Ыы-Ыы Ыы-Ыы Ыы-Ыы-Ыы Ыы-Ыы Ыы Ыы-Ыы Ыы-Ыы Ыы" classname="ru.ac.uniyar.testingcourse.RussianNameValidatorTests" time="0.0"/>
  <testcase name="[680] Ыы-Ыы Ыы-Ыы Ыы Ыы-Ыы Ыы-Ыы Ыы-Ыы-Ыы Ыы-Ыы Ыы-Ыы-Ыы Ыы-Ыы Ыы" classname="ru.ac.uniyar.testingcourse.RussianNameValidatorTests" time="0.0"/>
  <testcase name="[681] Ыы-Ыы Ыы-Ыы Ыы Ыы-Ыы Ыы-Ыы Ыы Ыы-Ыы Ыы-Ыы Ыы-Ыы-Ыы Ыы-Ыы Ыы" classname="ru.ac.uniyar.testingcourse.RussianNameValidatorTests" time="0.0"/>
  <testcase name="[682] Ыы Ыы Ыы-Ыы Ыы Ыы-Ыы Ыы Ыы Ыы Ыы Ыы" classname="ru.ac.uniyar.testingcourse.RussianNameValidatorTests" time="0.0"/>
  <testcase name="[683] Ыы Ыы Ыы Ыы Ыы Ыы-Ыы Ыы Ыы-Ыы Ыы Ыы" classname="ru.ac.uniyar.testingcourse.RussianNameValidatorTests" time="0.0"/>
  <testcase name="[684] Ыы Ыы Ыы Ыы Ыы Ыы Ыы Ыы Ыы-Ыы Ыы Ыы" classname="ru.ac.uniyar.testingcourse.RussianNameValidatorTests" time="0.0"/>
  <testcase name="[685] Ыы Ыы-Ыы Ыы-Ыы Ыы Ыы Ыы" classname="ru.ac.uniyar.testingcourse.RussianNameValidatorTests" time="0.0"/>
  <testcase name="[686] Ыы Ыы Ыы Ыы-Ыы Ыы-Ыы Ыы" classname="ru.ac.uniyar.testingcourse.RussianNameValidatorTests" time="0.001"/>
  <testcase name="[687] Ыы Ыы Ыы Ыы Ыы Ыы-Ыы Ыы" classname="ru.ac.uniyar.testingcourse.RussianNameValidatorTests" time="0.0"/>
  <testcase name="[688] Ыы-Ыы Ыы-Ыы-Ыы Ыы-Ыы-Ыы Ыы Ыы-Ыы Ыы" classname="ru.ac.uniyar.testingcourse.RussianNameValidatorTests" time="0.0"/>
  <testcase name="[689] Ыы-Ыы Ыы Ыы-Ыы Ыы-Ыы-Ыы Ыы-Ыы-Ыы Ыы" classname="ru.ac.uniyar.testingcourse.RussianNameValidatorTests" time="0.001"/>
  <testcase name="[690] Ыы-Ыы Ыы Ыы-Ыы Ыы Ыы-Ыы Ыы-Ыы-Ыы Ыы" classname="ru.ac.uniyar.testingcourse.RussianNameValidatorTests" time="0.0"/>
  <testcase name="[691] Ыы Ыы-Ыы-Ыы Ыы-Ыы-Ыы Ыы-Ыы Ыы Ыы-Ыы" classname="ru.ac.uniyar.testingcourse.RussianNameValidatorTests" time="0.0"/>
  <testcase name="[692] Ыы Ыы-Ыы Ыы Ыы-Ыы-Ыы Ыы-Ыы-Ыы Ыы-Ыы" classname="ru.ac.uniyar.testingcourse.RussianNameValidatorTests" time="0.0"/>
  <testcase name="[693] Ыы Ыы-Ыы Ыы Ыы-Ыы Ыы Ыы-Ыы-Ыы Ыы-Ыы" classname="ru.ac.uniyar.testingcourse.RussianNameValidatorTests" time="0.001"/>
  <testcase name="[694] Ыы-Ыы Ыы-Ыы-Ыы-Ыы Ыы-Ыы-Ыы-Ыы Ыы-Ыы Ыы-Ыы Ыы-Ыы" classname="ru.ac.uniyar.testingcourse.RussianNameValidatorTests" time="0.0"/>
  <testcase name="[695] Ыы-Ыы Ыы-Ыы Ыы-Ыы Ыы-Ыы-Ыы-Ыы Ыы-Ыы-Ыы-Ыы Ыы-Ыы" classname="ru.ac.uniyar.testingcourse.RussianNameValidatorTests" time="0.0"/>
  <testcase name="[696] Ыы-Ыы Ыы-Ыы Ыы-Ыы Ыы-Ыы Ыы-Ыы Ыы-Ыы-Ыы-Ыы Ыы-Ыы" classname="ru.ac.uniyar.testingcourse.RussianNameValidatorTests" time="0.0"/>
  <testcase name="[697] Ьь-Ьь Ьь Ьь-Ьь-Ьь Ьь Ьь-Ьь-Ьь Ьь Ьь Ьь-Ьь Ьь Ьь" classname="ru.ac.uniyar.testingcourse.RussianNameValidatorTests" time="0.001"/>
  <testcase name="[698] Ьь-Ьь Ьь Ьь Ьь-Ьь Ьь Ьь-Ьь-Ьь Ьь Ьь-Ьь-Ьь Ьь Ьь" classname="ru.ac.uniyar.testingcourse.RussianNameValidatorTests" time="0.0"/>
  <testcase name="[699] Ьь-Ьь Ьь Ьь Ьь-Ьь Ьь Ьь Ьь-Ьь Ьь Ьь-Ьь-Ьь Ьь Ьь" classname="ru.ac.uniyar.testingcourse.RussianNameValidatorTests" time="0.0"/>
  <testcase name="[700] Ьь Ьь-Ьь Ьь-Ьь Ьь-Ьь Ьь-Ьь Ьь-Ьь Ьь Ьь Ьь-Ьь Ьь" classname="ru.ac.uniyar.testingcourse.RussianNameValidatorTests" time="0.0"/>
  <testcase name="[701] Ьь Ьь-Ьь Ьь Ьь Ьь-Ьь Ьь-Ьь Ьь-Ьь Ьь-Ьь Ьь-Ьь Ьь" classname="ru.ac.uniyar.testingcourse.RussianNameValidatorTests" time="0.0"/>
  <testcase name="[702] Ьь Ьь-Ьь Ьь Ьь Ьь-Ьь Ьь Ьь Ьь-Ьь Ьь-Ьь Ьь-Ьь Ьь" classname="ru.ac.uniyar.testingcourse.RussianNameValidatorTests" time="0.0"/>
  <testcase name="[703] Ьь-Ьь Ьь-Ьь Ьь-Ьь-Ьь Ьь-Ьь Ьь-Ьь-Ьь Ьь-Ьь Ьь Ьь-Ьь Ьь-Ьь Ьь" classname="ru.ac.uniyar.testingcourse.RussianNameValidatorTests" time="0.0"/>
  <testcase name="[704] Ьь-Ьь Ьь-Ьь Ьь Ьь-Ьь Ьь-Ьь Ьь-Ьь-Ьь Ьь-Ьь Ьь-Ьь-Ьь Ьь-Ьь Ьь" classname="ru.ac.uniyar.testingcourse.RussianNameValidatorTests" time="0.001"/>
  <testcase name="[705] Ьь-Ьь Ьь-Ьь Ьь Ьь-Ьь Ьь-Ьь Ьь Ьь-Ьь Ьь-Ьь Ьь-Ьь-Ьь Ьь-Ьь Ьь" classname="ru.ac.uniyar.testingcourse.RussianNameValidatorTests" time="0.0"/>
  <testcase name="[706] Ьь Ьь Ьь-Ьь Ьь Ьь-Ьь Ьь Ьь Ьь Ьь Ьь" classname="ru.ac.uniyar.testingcourse.RussianNameValidatorTests" time="0.0"/>
  <testcase name="[707] Ьь Ьь Ьь Ьь Ьь Ьь-Ьь Ьь Ьь-Ьь Ьь Ьь" classname="ru.ac.uniyar.testingcourse.RussianNameValidatorTests" time="0.0"/>
  <testcase name="[708] Ьь Ьь Ьь Ьь Ьь Ьь Ьь Ьь Ьь-Ьь Ьь Ьь" classname="ru.ac.uniyar.testingcourse.RussianNameValidatorTests" time="0.0"/>
  <testcase name="[709] Ьь Ьь-Ьь Ьь-Ьь Ьь Ьь Ьь" classname="ru.ac.uniyar.testingcourse.RussianNameValidatorTests" time="0.0"/>
  <testcase name="[710] Ьь Ьь Ьь Ьь-Ьь Ьь-Ьь Ьь" classname="ru.ac.uniyar.testingcourse.RussianNameValidatorTests" time="0.001"/>
  <testcase name="[711] Ьь Ьь Ьь Ьь Ьь Ьь-Ьь Ьь" classname="ru.ac.uniyar.testingcourse.RussianNameValidatorTests" time="0.0"/>
  <testcase name="[712] Ьь-Ьь Ьь-Ьь-Ьь Ьь-Ьь-Ьь Ьь Ьь-Ьь Ьь" classname="ru.ac.uniyar.testingcourse.RussianNameValidatorTests" time="0.001"/>
  <testcase name="[713] Ьь-Ьь Ьь Ьь-Ьь Ьь-Ьь-Ьь Ьь-Ьь-Ьь Ьь" classname="ru.ac.uniyar.testingcourse.RussianNameValidatorTests" time="0.0"/>
  <testcase name="[714] Ьь-Ьь Ьь Ьь-Ьь Ьь Ьь-Ьь Ьь-Ьь-Ьь Ьь" classname="ru.ac.uniyar.testingcourse.RussianNameValidatorTests" time="0.0"/>
  <testcase name="[715] Ьь Ьь-Ьь-Ьь Ьь-Ьь-Ьь Ьь-Ьь Ьь Ьь-Ьь" classname="ru.ac.uniyar.testingcourse.RussianNameValidatorTests" time="0.0"/>
  <testcase name="[716] Ьь Ьь-Ьь Ьь Ьь-Ьь-Ьь Ьь-Ьь-Ьь Ьь-Ьь" classname="ru.ac.uniyar.testingcourse.RussianNameValidatorTests" time="0.0"/>
  <testcase name="[717] Ьь Ьь-Ьь Ьь Ьь-Ьь Ьь Ьь-Ьь-Ьь Ьь-Ьь" classname="ru.ac.uniyar.testingcourse.RussianNameValidatorTests" time="0.0"/>
  <testcase name="[718] Ьь-Ьь Ьь-Ьь-Ьь-Ьь Ьь-Ьь-Ьь-Ьь Ьь-Ьь Ьь-Ьь Ьь-Ьь" classname="ru.ac.uniyar.testingcourse.RussianNameValidatorTests" time="0.0"/>
  <testcase name="[719] Ьь-Ьь Ьь-Ьь Ьь-Ьь Ьь-Ьь-Ьь-Ьь Ьь-Ьь-Ьь-Ьь Ьь-Ьь" classname="ru.ac.uniyar.testingcourse.RussianNameValidatorTests" time="0.0"/>
  <testcase name="[720] Ьь-Ьь Ьь-Ьь Ьь-Ьь Ьь-Ьь Ьь-Ьь Ьь-Ьь-Ьь-Ьь Ьь-Ьь" classname="ru.ac.uniyar.testingcourse.RussianNameValidatorTests" time="0.0"/>
  <testcase name="[721] Ээ-Ээ Ээ Ээ-Ээ-Ээ Ээ Ээ-Ээ-Ээ Ээ Ээ Ээ-Ээ Ээ Ээ" classname="ru.ac.uniyar.testingcourse.RussianNameValidatorTests" time="0.0"/>
  <testcase name="[722] Ээ-Ээ Ээ Ээ Ээ-Ээ Ээ Ээ-Ээ-Ээ Ээ Ээ-Ээ-Ээ Ээ Ээ" classname="ru.ac.uniyar.testingcourse.RussianNameValidatorTests" time="0.0"/>
  <testcase name="[723] Ээ-Ээ Ээ Ээ Ээ-Ээ Ээ Ээ Ээ-Ээ Ээ Ээ-Ээ-Ээ Ээ Ээ" classname="ru.ac.uniyar.testingcourse.RussianNameValidatorTests" time="0.0"/>
  <testcase name="[724] Ээ Ээ-Ээ Ээ-Ээ Ээ-Ээ Ээ-Ээ Ээ-Ээ Ээ Ээ Ээ-Ээ Ээ" classname="ru.ac.uniyar.testingcourse.RussianNameValidatorTests" time="0.001"/>
  <testcase name="[725] Ээ Ээ-Ээ Ээ Ээ Ээ-Ээ Ээ-Ээ Ээ-Ээ Ээ-Ээ Ээ-Ээ Ээ" classname="ru.ac.uniyar.testingcourse.RussianNameValidatorTests" time="0.0"/>
  <testcase name="[726] Ээ Ээ-Ээ Ээ Ээ Ээ-Ээ Ээ Ээ Ээ-Ээ Ээ-Ээ Ээ-Ээ Ээ" classname="ru.ac.uniyar.testingcourse.RussianNameValidatorTests" time="0.001"/>
  <testcase name="[727] Ээ-Ээ Ээ-Ээ Ээ-Ээ-Ээ Ээ-Ээ Ээ-Ээ-Ээ Ээ-Ээ Ээ Ээ-Ээ Ээ-Ээ Ээ" classname="ru.ac.uniyar.testingcourse.RussianNameValidatorTests" time="0.0"/>
  <testcase name="[728] Ээ-Ээ Ээ-Ээ Ээ Ээ-Ээ Ээ-Ээ Ээ-Ээ-Ээ Ээ-Ээ Ээ-Ээ-Ээ Ээ-Ээ Ээ" classname="ru.ac.uniyar.testingcourse.RussianNameValidatorTests" time="0.001"/>
  <testcase name="[729] Ээ-Ээ Ээ-Ээ Ээ Ээ-Ээ Ээ-Ээ Ээ Ээ-Ээ Ээ-Ээ Ээ-Ээ-Ээ Ээ-Ээ Ээ" classname="ru.ac.uniyar.testingcourse.RussianNameValidatorTests" time="0.0"/>
  <testcase name="[730] Ээ Ээ Ээ-Ээ Ээ Ээ-Ээ Ээ Ээ Ээ Ээ Ээ" classname="ru.ac.uniyar.testingcourse.RussianNameValidatorTests" time="0.0"/>
  <testcase name="[731] Ээ Ээ Ээ Ээ Ээ Ээ-Ээ Ээ Ээ-Ээ Ээ Ээ" classname="ru.ac.uniyar.testingcourse.RussianNameValidatorTests" time="0.0"/>
  <testcase name="[732] Ээ Ээ Ээ Ээ Ээ Ээ Ээ Ээ Ээ-Ээ Ээ Ээ" classname="ru.ac.uniyar.testingcourse.RussianNameValidatorTests" time="0.001"/>
  <testcase name="[733] Ээ Ээ-Ээ Ээ-Ээ Ээ Ээ Ээ" classname="ru.ac.uniyar.testingcourse.RussianNameValidatorTests" time="0.0"/>
  <testcase name="[734] Ээ Ээ Ээ Ээ-Ээ Ээ-Ээ Ээ" classname="ru.ac.uniyar.testingcourse.RussianNameValidatorTests" time="0.001"/>
  <testcase name="[735] Ээ Ээ Ээ Ээ Ээ Ээ-Ээ Ээ" classname="ru.ac.uniyar.testingcourse.RussianNameValidatorTests" time="0.0"/>
  <testcase name="[736] Ээ-Ээ Ээ-Ээ-Ээ Ээ-Ээ-Ээ Ээ Ээ-Ээ Ээ" classname="ru.ac.uniyar.testingcourse.RussianNameValidatorTests" time="0.0"/>
  <testcase name="[737] Ээ-Ээ Ээ Ээ-Ээ Ээ-Ээ-Ээ Ээ-Ээ-Ээ Ээ" classname="ru.ac.uniyar.testingcourse.RussianNameValidatorTests" time="0.0"/>
  <testcase name="[738] Ээ-Ээ Ээ Ээ-Ээ Ээ Ээ-Ээ Ээ-Ээ-Ээ Ээ" classname="ru.ac.uniyar.testingcourse.RussianNameValidatorTests" time="0.001"/>
  <testcase name="[739] Ээ Ээ-Ээ-Ээ Ээ-Ээ-Ээ Ээ-Ээ Ээ Ээ-Ээ" classname="ru.ac.uniyar.testingcourse.RussianNameValidatorTests" time="0.0"/>
  <testcase name="[740] Ээ Ээ-Ээ Ээ Ээ-Ээ-Ээ Ээ-Ээ-Ээ Ээ-Ээ" classname="ru.ac.uniyar.testingcourse.RussianNameValidatorTests" time="0.0"/>
  <testcase name="[741] Ээ Ээ-Ээ Ээ Ээ-Ээ Ээ Ээ-Ээ-Ээ Ээ-Ээ" classname="ru.ac.uniyar.testingcourse.RussianNameValidatorTests" time="0.0"/>
  <testcase name="[742] Ээ-Ээ Ээ-Ээ-Ээ-Ээ Ээ-Ээ-Ээ-Ээ Ээ-Ээ Ээ-Ээ Ээ-Ээ" classname="ru.ac.uniyar.testingcourse.RussianNameValidatorTests" time="0.0"/>
  <testcase name="[743] Ээ-Ээ Ээ-Ээ Ээ-Ээ Ээ-Ээ-Ээ-Ээ Ээ-Ээ-Ээ-Ээ Ээ-Ээ" classname="ru.ac.uniyar.testingcourse.RussianNameValidatorTests" time="0.0"/>
  <testcase name="[744] Ээ-Ээ Ээ-Ээ Ээ-Ээ Ээ-Ээ Ээ-Ээ Ээ-Ээ-Ээ-Ээ Ээ-Ээ" classname="ru.ac.uniyar.testingcourse.RussianNameValidatorTests" time="0.0"/>
  <testcase name="[745] Юю-Юю Юю Юю-Юю-Юю Юю Юю-Юю-Юю Юю Юю Юю-Юю Юю Юю" classname="ru.ac.uniyar.testingcourse.RussianNameValidatorTests" time="0.0"/>
  <testcase name="[746] Юю-Юю Юю Юю Юю-Юю Юю Юю-Юю-Юю Юю Юю-Юю-Юю Юю Юю" classname="ru.ac.uniyar.testingcourse.RussianNameValidatorTests" time="0.001"/>
  <testcase name="[747] Юю-Юю Юю Юю Юю-Юю Юю Юю Юю-Юю Юю Юю-Юю-Юю Юю Юю" classname="ru.ac.uniyar.testingcourse.RussianNameValidatorTests" time="0.0"/>
  <testcase name="[748] Юю Юю-Юю Юю-Юю Юю-Юю Юю-Юю Юю-Юю Юю Юю Юю-Юю Юю" classname="ru.ac.uniyar.testingcourse.RussianNameValidatorTests" time="0.0"/>
  <testcase name="[749] Юю Юю-Юю Юю Юю Юю-Юю Юю-Юю Юю-Юю Юю-Юю Юю-Юю Юю" classname="ru.ac.uniyar.testingcourse.RussianNameValidatorTests" time="0.0"/>
  <testcase name="[750] Юю Юю-Юю Юю Юю Юю-Юю Юю Юю Юю-Юю Юю-Юю Юю-Юю Юю" classname="ru.ac.uniyar.testingcourse.RussianNameValidatorTests" time="0.0"/>
  <testcase name="[751] Юю-Юю Юю-Юю Юю-Юю-Юю Юю-Юю Юю-Юю-Юю Юю-Юю Юю Юю-Юю Юю-Юю Юю" classname="ru.ac.uniyar.testingcourse.RussianNameValidatorTests" time="0.001"/>
  <testcase name="[752] Юю-Юю Юю-Юю Юю Юю-Юю Юю-Юю Юю-Юю-Юю Юю-Юю Юю-Юю-Юю Юю-Юю Юю" classname="ru.ac.uniyar.testingcourse.RussianNameValidatorTests" time="0.0"/>
  <testcase name="[753] Юю-Юю Юю-Юю Юю Юю-Юю Юю-Юю Юю Юю-Юю Юю-Юю Юю-Юю-Юю Юю-Юю Юю" classname="ru.ac.uniyar.testingcourse.RussianNameValidatorTests" time="0.0"/>
  <testcase name="[754] Юю Юю Юю-Юю Юю Юю-Юю Юю Юю Юю Юю Юю" classname="ru.ac.uniyar.testingcourse.RussianNameValidatorTests" time="0.0"/>
  <testcase name="[755] Юю Юю Юю Юю Юю Юю-Юю Юю Юю-Юю Юю Юю" classname="ru.ac.uniyar.testingcourse.RussianNameValidatorTests" time="0.0"/>
  <testcase name="[756] Юю Юю Юю Юю Юю Юю Юю Юю Юю-Юю Юю Юю" classname="ru.ac.uniyar.testingcourse.RussianNameValidatorTests" time="0.001"/>
  <testcase name="[757] Юю Юю-Юю Юю-Юю Юю Юю Юю" classname="ru.ac.uniyar.testingcourse.RussianNameValidatorTests" time="0.0"/>
  <testcase name="[758] Юю Юю Юю Юю-Юю Юю-Юю Юю" classname="ru.ac.uniyar.testingcourse.RussianNameValidatorTests" time="0.0"/>
  <testcase name="[759] Юю Юю Юю Юю Юю Юю-Юю Юю" classname="ru.ac.uniyar.testingcourse.RussianNameValidatorTests" time="0.001"/>
  <testcase name="[760] Юю-Юю Юю-Юю-Юю Юю-Юю-Юю Юю Юю-Юю Юю" classname="ru.ac.uniyar.testingcourse.RussianNameValidatorTests" time="0.0"/>
  <testcase name="[761] Юю-Юю Юю Юю-Юю Юю-Юю-Юю Юю-Юю-Юю Юю" classname="ru.ac.uniyar.testingcourse.RussianNameValidatorTests" time="0.0"/>
  <testcase name="[762] Юю-Юю Юю Юю-Юю Юю Юю-Юю Юю-Юю-Юю Юю" classname="ru.ac.uniyar.testingcourse.RussianNameValidatorTests" time="0.001"/>
  <testcase name="[763] Юю Юю-Юю-Юю Юю-Юю-Юю Юю-Юю Юю Юю-Юю" classname="ru.ac.uniyar.testingcourse.RussianNameValidatorTests" time="0.0"/>
  <testcase name="[764] Юю Юю-Юю Юю Юю-Юю-Юю Юю-Юю-Юю Юю-Юю" classname="ru.ac.uniyar.testingcourse.RussianNameValidatorTests" time="0.0"/>
  <testcase name="[765] Юю Юю-Юю Юю Юю-Юю Юю Юю-Юю-Юю Юю-Юю" classname="ru.ac.uniyar.testingcourse.RussianNameValidatorTests" time="0.0"/>
  <testcase name="[766] Юю-Юю Юю-Юю-Юю-Юю Юю-Юю-Юю-Юю Юю-Юю Юю-Юю Юю-Юю" classname="ru.ac.uniyar.testingcourse.RussianNameValidatorTests" time="0.0"/>
  <testcase name="[767] Юю-Юю Юю-Юю Юю-Юю Юю-Юю-Юю-Юю Юю-Юю-Юю-Юю Юю-Юю" classname="ru.ac.uniyar.testingcourse.RussianNameValidatorTests" time="0.001"/>
  <testcase name="[768] Юю-Юю Юю-Юю Юю-Юю Юю-Юю Юю-Юю Юю-Юю-Юю-Юю Юю-Юю" classname="ru.ac.uniyar.testingcourse.RussianNameValidatorTests" time="0.0"/>
  <testcase name="[769] Яя-Яя Яя Яя-Яя-Яя Яя Яя-Яя-Яя Яя Яя Яя-Яя Яя Яя" classname="ru.ac.uniyar.testingcourse.RussianNameValidatorTests" time="0.001"/>
  <testcase name="[770] Яя-Яя Яя Яя Яя-Яя Яя Яя-Яя-Яя Яя Яя-Яя-Яя Яя Яя" classname="ru.ac.uniyar.testingcourse.RussianNameValidatorTests" time="0.0"/>
  <testcase name="[771] Яя-Яя Яя Яя Яя-Яя Яя Яя Яя-Яя Яя Яя-Яя-Яя Яя Яя" classname="ru.ac.uniyar.testingcourse.RussianNameValidatorTests" time="0.0"/>
  <testcase name="[772] Яя Яя-Яя Яя-Яя Яя-Яя Яя-Яя Яя-Яя Яя Яя Яя-Яя Яя" classname="ru.ac.uniyar.testingcourse.RussianNameValidatorTests" time="0.0"/>
  <testcase name="[773] Яя Яя-Яя Яя Яя Яя-Яя Яя-Яя Яя-Яя Яя-Яя Яя-Яя Яя" classname="ru.ac.uniyar.testingcourse.RussianNameValidatorTests" time="0.0"/>
  <testcase name="[774] Яя Яя-Яя Яя Яя Яя-Яя Яя Яя Яя-Яя Яя-Яя Яя-Яя Яя" classname="ru.ac.uniyar.testingcourse.RussianNameValidatorTests" time="0.0"/>
  <testcase name="[775] Яя-Яя Яя-Яя Яя-Яя-Яя Яя-Яя Яя-Яя-Яя Яя-Яя Яя Яя-Яя Яя-Яя Яя" classname="ru.ac.uniyar.testingcourse.RussianNameValidatorTests" time="0.0"/>
  <testcase name="[776] Яя-Яя Яя-Яя Яя Яя-Яя Яя-Яя Яя-Яя-Яя Яя-Яя Яя-Яя-Яя Яя-Яя Яя" classname="ru.ac.uniyar.testingcourse.RussianNameValidatorTests" time="0.0"/>
  <testcase name="[777] Яя-Яя Яя-Яя Яя Яя-Яя Яя-Яя Яя Яя-Яя Яя-Яя Яя-Яя-Яя Яя-Яя Яя" classname="ru.ac.uniyar.testingcourse.RussianNameValidatorTests" time="0.0"/>
  <testcase name="[778] Яя Яя Яя-Яя Яя Яя-Яя Яя Яя Яя Яя Яя" classname="ru.ac.uniyar.testingcourse.RussianNameValidatorTests" time="0.0"/>
  <testcase name="[779] Яя Яя Яя Яя Яя Яя-Яя Яя Яя-Яя Яя Яя" classname="ru.ac.uniyar.testingcourse.RussianNameValidatorTests" time="0.0"/>
  <testcase name="[780] Яя Яя Яя Яя Яя Яя Яя Яя Яя-Яя Яя Яя" classname="ru.ac.uniyar.testingcourse.RussianNameValidatorTests" time="0.001"/>
  <testcase name="[781] Яя Яя-Яя Яя-Яя Яя Яя Яя" classname="ru.ac.uniyar.testingcourse.RussianNameValidatorTests" time="0.0"/>
  <testcase name="[782] Яя Яя Яя Яя-Яя Яя-Яя Яя" classname="ru.ac.uniyar.testingcourse.RussianNameValidatorTests" time="0.0"/>
  <testcase name="[783] Яя Яя Яя Яя Яя Яя-Яя Яя" classname="ru.ac.uniyar.testingcourse.RussianNameValidatorTests" time="0.0"/>
  <testcase name="[784] Яя-Яя Яя-Яя-Яя Яя-Яя-Яя Яя Яя-Яя Яя" classname="ru.ac.uniyar.testingcourse.RussianNameValidatorTests" time="0.0"/>
  <testcase name="[785] Яя-Яя Яя Яя-Яя Яя-Яя-Яя Яя-Яя-Яя Яя" classname="ru.ac.uniyar.testingcourse.RussianNameValidatorTests" time="0.0"/>
  <testcase name="[786] Яя-Яя Яя Яя-Яя Яя Яя-Яя Яя-Яя-Яя Яя" classname="ru.ac.uniyar.testingcourse.RussianNameValidatorTests" time="0.0"/>
  <testcase name="[787] Яя Яя-Яя-Яя Яя-Яя-Яя Яя-Яя Яя Яя-Яя" classname="ru.ac.uniyar.testingcourse.RussianNameValidatorTests" time="0.0"/>
  <testcase name="[788] Яя Яя-Яя Яя Яя-Яя-Яя Яя-Яя-Яя Яя-Яя" classname="ru.ac.uniyar.testingcourse.RussianNameValidatorTests" time="0.0"/>
  <testcase name="[789] Яя Яя-Яя Яя Яя-Яя Яя Яя-Яя-Яя Яя-Яя" classname="ru.ac.uniyar.testingcourse.RussianNameValidatorTests" time="0.001"/>
  <testcase name="[790] Яя-Яя Яя-Яя-Яя-Яя Яя-Яя-Яя-Яя Яя-Яя Яя-Яя Яя-Яя" classname="ru.ac.uniyar.testingcourse.RussianNameValidatorTests" time="0.0"/>
  <testcase name="[791] Яя-Яя Яя-Яя Яя-Яя Яя-Яя-Яя-Яя Яя-Яя-Яя-Яя Яя-Яя" classname="ru.ac.uniyar.testingcourse.RussianNameValidatorTests" time="0.001"/>
  <testcase name="[792] Яя-Яя Яя-Яя Яя-Яя Яя-Яя Яя-Яя Яя-Яя-Яя-Яя Яя-Яя" classname="ru.ac.uniyar.testingcourse.RussianNameValidatorTests" time="0.0"/>
  <system-out><![CDATA[]]></system-out>
  <system-err><![CDATA[]]></system-err>
</testsuite>
